{"/home/travis/build/npmtest/node-npmtest-ember-prerender/test.js":{"path":"/home/travis/build/npmtest/node-npmtest-ember-prerender/test.js","s":{"1":2,"2":2,"3":2,"4":2,"5":2,"6":2,"7":2,"8":1,"9":2,"10":2,"11":1,"12":1,"13":1,"14":1,"15":2,"16":2,"17":2,"18":2,"19":1,"20":1,"21":2,"22":2,"23":2,"24":1,"25":1,"26":1,"27":1,"28":1,"29":1,"30":1,"31":1,"32":1,"33":1,"34":1,"35":1,"36":1,"37":1,"38":1,"39":2,"40":2,"41":1,"42":2,"43":2,"44":1,"45":2,"46":2,"47":1,"48":2,"49":2,"50":1,"51":1,"52":1,"53":1,"54":1},"b":{"1":[2,1,1,1],"2":[1,1,1,1],"3":[1,1],"4":[1,1],"5":[1,1],"6":[1,1],"7":[1,1],"8":[1,1],"9":[1,1],"10":[1,1,1],"11":[1,1],"12":[1,1],"13":[1,1],"14":[1,1],"15":[1,1],"16":[1,1],"17":[1,1]},"f":{"1":2,"2":2,"3":2,"4":2,"5":2,"6":1,"7":1,"8":1,"9":2,"10":2,"11":2,"12":2,"13":1},"fnMap":{"1":{"name":"(anonymous_1)","line":12,"loc":{"start":{"line":12,"column":1},"end":{"line":12,"column":13}}},"2":{"name":"(anonymous_2)","line":19,"loc":{"start":{"line":19,"column":5},"end":{"line":19,"column":17}}},"3":{"name":"(anonymous_3)","line":23,"loc":{"start":{"line":23,"column":24},"end":{"line":23,"column":36}}},"4":{"name":"(anonymous_4)","line":61,"loc":{"start":{"line":61,"column":5},"end":{"line":61,"column":17}}},"5":{"name":"(anonymous_5)","line":82,"loc":{"start":{"line":82,"column":5},"end":{"line":82,"column":17}}},"6":{"name":"(anonymous_6)","line":91,"loc":{"start":{"line":91,"column":77},"end":{"line":94,"column":10}}},"7":{"name":"(anonymous_7)","line":112,"loc":{"start":{"line":112,"column":83},"end":{"line":115,"column":10}},"skip":true},"8":{"name":"(anonymous_8)","line":123,"loc":{"start":{"line":123,"column":77},"end":{"line":126,"column":10}},"skip":true},"9":{"name":"(anonymous_9)","line":139,"loc":{"start":{"line":139,"column":12},"end":{"line":139,"column":40}},"skip":true},"10":{"name":"(anonymous_10)","line":147,"loc":{"start":{"line":147,"column":77},"end":{"line":150,"column":10}},"skip":true},"11":{"name":"(anonymous_11)","line":158,"loc":{"start":{"line":158,"column":83},"end":{"line":161,"column":10}},"skip":true},"12":{"name":"(anonymous_12)","line":169,"loc":{"start":{"line":169,"column":79},"end":{"line":172,"column":10}},"skip":true},"13":{"name":"(anonymous_13)","line":180,"loc":{"start":{"line":180,"column":75},"end":{"line":183,"column":10}},"skip":true}},"statementMap":{"1":{"start":{"line":12,"column":0},"end":{"line":195,"column":5}},"2":{"start":{"line":14,"column":4},"end":{"line":14,"column":14}},"3":{"start":{"line":19,"column":4},"end":{"line":56,"column":9}},"4":{"start":{"line":21,"column":8},"end":{"line":21,"column":19}},"5":{"start":{"line":23,"column":8},"end":{"line":35,"column":13}},"6":{"start":{"line":24,"column":12},"end":{"line":34,"column":13}},"7":{"start":{"line":25,"column":16},"end":{"line":28,"column":30}},"8":{"start":{"line":30,"column":16},"end":{"line":33,"column":27}},"9":{"start":{"line":37,"column":8},"end":{"line":39,"column":21}},"10":{"start":{"line":40,"column":8},"end":{"line":53,"column":9}},"11":{"start":{"line":43,"column":12},"end":{"line":46,"column":14}},"12":{"start":{"line":47,"column":12},"end":{"line":47,"column":18}},"13":{"start":{"line":50,"column":12},"end":{"line":51,"column":46}},"14":{"start":{"line":52,"column":12},"end":{"line":52,"column":18}},"15":{"start":{"line":55,"column":8},"end":{"line":55,"column":35}},"16":{"start":{"line":61,"column":4},"end":{"line":63,"column":9}},"17":{"start":{"line":62,"column":8},"end":{"line":62,"column":15}},"18":{"start":{"line":64,"column":4},"end":{"line":77,"column":5}},"19":{"start":{"line":70,"column":8},"end":{"line":70,"column":14}},"20":{"start":{"line":76,"column":8},"end":{"line":76,"column":14}},"21":{"start":{"line":82,"column":4},"end":{"line":84,"column":9}},"22":{"start":{"line":83,"column":8},"end":{"line":83,"column":15}},"23":{"start":{"line":85,"column":4},"end":{"line":194,"column":5}},"24":{"start":{"line":91,"column":8},"end":{"line":99,"column":10}},"25":{"start":{"line":98,"column":12},"end":{"line":98,"column":35}},"26":{"start":{"line":102,"column":8},"end":{"line":104,"column":63}},"27":{"start":{"line":105,"column":8},"end":{"line":105,"column":14}},"28":{"start":{"line":112,"column":8},"end":{"line":121,"column":10},"skip":true},"29":{"start":{"line":119,"column":12},"end":{"line":119,"column":55},"skip":true},"30":{"start":{"line":120,"column":12},"end":{"line":120,"column":48},"skip":true},"31":{"start":{"line":123,"column":8},"end":{"line":136,"column":10},"skip":true},"32":{"start":{"line":130,"column":12},"end":{"line":130,"column":76},"skip":true},"33":{"start":{"line":131,"column":12},"end":{"line":131,"column":73},"skip":true},"34":{"start":{"line":132,"column":12},"end":{"line":132,"column":74},"skip":true},"35":{"start":{"line":133,"column":12},"end":{"line":133,"column":79},"skip":true},"36":{"start":{"line":134,"column":12},"end":{"line":134,"column":25},"skip":true},"37":{"start":{"line":135,"column":12},"end":{"line":135,"column":45},"skip":true},"38":{"start":{"line":138,"column":8},"end":{"line":145,"column":14},"skip":true},"39":{"start":{"line":143,"column":16},"end":{"line":143,"column":29},"skip":true},"40":{"start":{"line":144,"column":16},"end":{"line":144,"column":55},"skip":true},"41":{"start":{"line":147,"column":8},"end":{"line":156,"column":10},"skip":true},"42":{"start":{"line":154,"column":12},"end":{"line":154,"column":25},"skip":true},"43":{"start":{"line":155,"column":12},"end":{"line":155,"column":45},"skip":true},"44":{"start":{"line":158,"column":8},"end":{"line":167,"column":10},"skip":true},"45":{"start":{"line":165,"column":12},"end":{"line":165,"column":25},"skip":true},"46":{"start":{"line":166,"column":12},"end":{"line":166,"column":48},"skip":true},"47":{"start":{"line":169,"column":8},"end":{"line":178,"column":10},"skip":true},"48":{"start":{"line":176,"column":12},"end":{"line":176,"column":25},"skip":true},"49":{"start":{"line":177,"column":12},"end":{"line":177,"column":46},"skip":true},"50":{"start":{"line":180,"column":8},"end":{"line":189,"column":10},"skip":true},"51":{"start":{"line":187,"column":12},"end":{"line":187,"column":94},"skip":true},"52":{"start":{"line":188,"column":12},"end":{"line":188,"column":48},"skip":true},"53":{"start":{"line":192,"column":8},"end":{"line":192,"column":35},"skip":true},"54":{"start":{"line":193,"column":8},"end":{"line":193,"column":14},"skip":true}},"branchMap":{"1":{"line":25,"type":"binary-expr","locations":[{"start":{"line":25,"column":23},"end":{"line":25,"column":62}},{"start":{"line":26,"column":20},"end":{"line":26,"column":70}},{"start":{"line":27,"column":20},"end":{"line":27,"column":71}},{"start":{"line":28,"column":20},"end":{"line":28,"column":29}}]},"2":{"line":30,"type":"binary-expr","locations":[{"start":{"line":30,"column":23},"end":{"line":30,"column":37}},{"start":{"line":31,"column":20},"end":{"line":31,"column":61}},{"start":{"line":32,"column":20},"end":{"line":32,"column":70}},{"start":{"line":33,"column":20},"end":{"line":33,"column":26}}]},"3":{"line":37,"type":"cond-expr","locations":[{"start":{"line":38,"column":14},"end":{"line":38,"column":20}},{"start":{"line":39,"column":14},"end":{"line":39,"column":20}}]},"4":{"line":40,"type":"switch","locations":[{"start":{"line":42,"column":8},"end":{"line":47,"column":18}},{"start":{"line":49,"column":8},"end":{"line":52,"column":18}}]},"5":{"line":44,"type":"binary-expr","locations":[{"start":{"line":44,"column":16},"end":{"line":44,"column":44}},{"start":{"line":44,"column":48},"end":{"line":44,"column":66}}]},"6":{"line":50,"type":"binary-expr","locations":[{"start":{"line":50,"column":21},"end":{"line":50,"column":49}},{"start":{"line":50,"column":53},"end":{"line":50,"column":72}}]},"7":{"line":64,"type":"switch","locations":[{"start":{"line":69,"column":4},"end":{"line":70,"column":14}},{"start":{"line":75,"column":4},"end":{"line":76,"column":14}}]},"8":{"line":85,"type":"switch","locations":[{"start":{"line":90,"column":4},"end":{"line":105,"column":14}},{"start":{"line":111,"column":4},"end":{"line":193,"column":14},"skip":true}]},"9":{"line":91,"type":"binary-expr","locations":[{"start":{"line":91,"column":42},"end":{"line":91,"column":73}},{"start":{"line":91,"column":77},"end":{"line":99,"column":9}}]},"10":{"line":102,"type":"binary-expr","locations":[{"start":{"line":102,"column":18},"end":{"line":102,"column":32}},{"start":{"line":103,"column":12},"end":{"line":103,"column":53}},{"start":{"line":104,"column":12},"end":{"line":104,"column":61}}]},"11":{"line":112,"type":"binary-expr","locations":[{"start":{"line":112,"column":45},"end":{"line":112,"column":79},"skip":true},{"start":{"line":112,"column":83},"end":{"line":121,"column":9},"skip":true}]},"12":{"line":123,"type":"binary-expr","locations":[{"start":{"line":123,"column":42},"end":{"line":123,"column":73},"skip":true},{"start":{"line":123,"column":77},"end":{"line":136,"column":9},"skip":true}]},"13":{"line":138,"type":"binary-expr","locations":[{"start":{"line":138,"column":48},"end":{"line":138,"column":85},"skip":true},{"start":{"line":139,"column":12},"end":{"line":145,"column":13},"skip":true}]},"14":{"line":147,"type":"binary-expr","locations":[{"start":{"line":147,"column":42},"end":{"line":147,"column":73},"skip":true},{"start":{"line":147,"column":77},"end":{"line":156,"column":9},"skip":true}]},"15":{"line":158,"type":"binary-expr","locations":[{"start":{"line":158,"column":45},"end":{"line":158,"column":79},"skip":true},{"start":{"line":158,"column":83},"end":{"line":167,"column":9},"skip":true}]},"16":{"line":169,"type":"binary-expr","locations":[{"start":{"line":169,"column":43},"end":{"line":169,"column":75},"skip":true},{"start":{"line":169,"column":79},"end":{"line":178,"column":9},"skip":true}]},"17":{"line":180,"type":"binary-expr","locations":[{"start":{"line":180,"column":41},"end":{"line":180,"column":71},"skip":true},{"start":{"line":180,"column":75},"end":{"line":189,"column":9},"skip":true}]}},"code":["/* istanbul instrument in package npmtest_ember_prerender */","/*jslint","    bitwise: true,","    browser: true,","    maxerr: 8,","    maxlen: 96,","    node: true,","    nomen: true,","    regexp: true,","    stupid: true","*/","(function () {","    'use strict';","    var local;","","","","    // run shared js-env code - pre-init","    (function () {","        // init local","        local = {};","        // init modeJs","        local.modeJs = (function () {","            try {","                return typeof navigator.userAgent === 'string' &&","                    typeof document.querySelector('body') === 'object' &&","                    typeof XMLHttpRequest.prototype.open === 'function' &&","                    'browser';","            } catch (errorCaughtBrowser) {","                return module.exports &&","                    typeof process.versions.node === 'string' &&","                    typeof require('http').createServer === 'function' &&","                    'node';","            }","        }());","        // init global","        local.global = local.modeJs === 'browser'","            ? window","            : global;","        switch (local.modeJs) {","        // re-init local from window.local","        case 'browser':","            local = local.global.utility2.objectSetDefault(","                local.global.utility2_rollup || local.global.local,","                local.global.utility2","            );","            break;","        // re-init local from example.js","        case 'node':","            local = (local.global.utility2_rollup || require('utility2'))","                .requireExampleJsFromReadme();","            break;","        }","        // export local","        local.global.local = local;","    }());","","","","    // run shared js-env code - function","    (function () {","        return;","    }());","    switch (local.modeJs) {","","","","    // run browser js-env code - function","    case 'browser':","        break;","","","","    // run node js-env code - function","    case 'node':","        break;","    }","","","","    // run shared js-env code - post-init","    (function () {","        return;","    }());","    switch (local.modeJs) {","","","","    // run browser js-env code - post-init","    case 'browser':","        local.testCase_browser_nullCase = local.testCase_browser_nullCase || function (","            options,","            onError","        ) {","        /*","         * this function will test browsers's null-case handling-behavior-behavior","         */","            onError(null, options);","        };","","        // run tests","        local.nop(local.modeTest &&","            document.querySelector('#testRunButton1') &&","            document.querySelector('#testRunButton1').click());","        break;","","","","    // run node js-env code - post-init","    /* istanbul ignore next */","    case 'node':","        local.testCase_buildApidoc_default = local.testCase_buildApidoc_default || function (","            options,","            onError","        ) {","        /*","         * this function will test buildApidoc's default handling-behavior-behavior","         */","            options = { modulePathList: module.paths };","            local.buildApidoc(options, onError);","        };","","        local.testCase_buildApp_default = local.testCase_buildApp_default || function (","            options,","            onError","        ) {","        /*","         * this function will test buildApp's default handling-behavior-behavior","         */","            local.testCase_buildReadme_default(options, local.onErrorThrow);","            local.testCase_buildLib_default(options, local.onErrorThrow);","            local.testCase_buildTest_default(options, local.onErrorThrow);","            local.testCase_buildCustomOrg_default(options, local.onErrorThrow);","            options = [];","            local.buildApp(options, onError);","        };","","        local.testCase_buildCustomOrg_default = local.testCase_buildCustomOrg_default ||","            function (options, onError) {","            /*","             * this function will test buildCustomOrg's default handling-behavior","             */","                options = {};","                local.buildCustomOrg(options, onError);","            };","","        local.testCase_buildLib_default = local.testCase_buildLib_default || function (","            options,","            onError","        ) {","        /*","         * this function will test buildLib's default handling-behavior","         */","            options = {};","            local.buildLib(options, onError);","        };","","        local.testCase_buildReadme_default = local.testCase_buildReadme_default || function (","            options,","            onError","        ) {","        /*","         * this function will test buildReadme's default handling-behavior-behavior","         */","            options = {};","            local.buildReadme(options, onError);","        };","","        local.testCase_buildTest_default = local.testCase_buildTest_default || function (","            options,","            onError","        ) {","        /*","         * this function will test buildTest's default handling-behavior","         */","            options = {};","            local.buildTest(options, onError);","        };","","        local.testCase_webpage_default = local.testCase_webpage_default || function (","            options,","            onError","        ) {","        /*","         * this function will test webpage's default handling-behavior","         */","            options = { modeCoverageMerge: true, url: local.serverLocalHost + '?modeTest=1' };","            local.browserTest(options, onError);","        };","","        // run test-server","        local.testRunServer(local);","        break;","    }","}());",""],"l":{"12":2,"14":2,"19":2,"21":2,"23":2,"24":2,"25":2,"30":1,"37":2,"40":2,"43":1,"47":1,"50":1,"52":1,"55":2,"61":2,"62":2,"64":2,"70":1,"76":1,"82":2,"83":2,"85":2,"91":1,"98":1,"102":1,"105":1,"112":1,"119":1,"120":1,"123":1,"130":1,"131":1,"132":1,"133":1,"134":1,"135":1,"138":1,"143":2,"144":2,"147":1,"154":2,"155":2,"158":1,"165":2,"166":2,"169":1,"176":2,"177":2,"180":1,"187":1,"188":1,"192":1,"193":1}},"/home/travis/build/npmtest/node-npmtest-ember-prerender/lib.npmtest_ember_prerender.js":{"path":"/home/travis/build/npmtest/node-npmtest-ember-prerender/lib.npmtest_ember_prerender.js","s":{"1":2,"2":2,"3":2,"4":2,"5":2,"6":2,"7":2,"8":1,"9":2,"10":2,"11":2,"12":2,"13":1,"14":1,"15":1,"16":1},"b":{"1":[2,1,1,1],"2":[1,1,1,1],"3":[1,1],"4":[2,2],"5":[1,1]},"f":{"1":2,"2":2,"3":2},"fnMap":{"1":{"name":"(anonymous_1)","line":12,"loc":{"start":{"line":12,"column":1},"end":{"line":12,"column":13}}},"2":{"name":"(anonymous_2)","line":19,"loc":{"start":{"line":19,"column":5},"end":{"line":19,"column":17}}},"3":{"name":"(anonymous_3)","line":23,"loc":{"start":{"line":23,"column":24},"end":{"line":23,"column":36}}}},"statementMap":{"1":{"start":{"line":12,"column":0},"end":{"line":53,"column":5}},"2":{"start":{"line":14,"column":4},"end":{"line":14,"column":14}},"3":{"start":{"line":19,"column":4},"end":{"line":52,"column":9}},"4":{"start":{"line":21,"column":8},"end":{"line":21,"column":19}},"5":{"start":{"line":23,"column":8},"end":{"line":35,"column":13}},"6":{"start":{"line":24,"column":12},"end":{"line":34,"column":13}},"7":{"start":{"line":25,"column":16},"end":{"line":28,"column":30}},"8":{"start":{"line":30,"column":16},"end":{"line":33,"column":27}},"9":{"start":{"line":37,"column":8},"end":{"line":39,"column":21}},"10":{"start":{"line":41,"column":8},"end":{"line":41,"column":54}},"11":{"start":{"line":43,"column":8},"end":{"line":43,"column":60}},"12":{"start":{"line":45,"column":8},"end":{"line":51,"column":9}},"13":{"start":{"line":46,"column":12},"end":{"line":46,"column":66}},"14":{"start":{"line":48,"column":12},"end":{"line":48,"column":35}},"15":{"start":{"line":49,"column":12},"end":{"line":49,"column":49}},"16":{"start":{"line":50,"column":12},"end":{"line":50,"column":43}}},"branchMap":{"1":{"line":25,"type":"binary-expr","locations":[{"start":{"line":25,"column":23},"end":{"line":25,"column":62}},{"start":{"line":26,"column":20},"end":{"line":26,"column":70}},{"start":{"line":27,"column":20},"end":{"line":27,"column":71}},{"start":{"line":28,"column":20},"end":{"line":28,"column":29}}]},"2":{"line":30,"type":"binary-expr","locations":[{"start":{"line":30,"column":23},"end":{"line":30,"column":37}},{"start":{"line":31,"column":20},"end":{"line":31,"column":61}},{"start":{"line":32,"column":20},"end":{"line":32,"column":70}},{"start":{"line":33,"column":20},"end":{"line":33,"column":26}}]},"3":{"line":37,"type":"cond-expr","locations":[{"start":{"line":38,"column":14},"end":{"line":38,"column":20}},{"start":{"line":39,"column":14},"end":{"line":39,"column":20}}]},"4":{"line":41,"type":"binary-expr","locations":[{"start":{"line":41,"column":16},"end":{"line":41,"column":44}},{"start":{"line":41,"column":48},"end":{"line":41,"column":53}}]},"5":{"line":45,"type":"if","locations":[{"start":{"line":45,"column":8},"end":{"line":45,"column":8}},{"start":{"line":45,"column":8},"end":{"line":45,"column":8}}]}},"code":["/* istanbul instrument in package npmtest_ember_prerender */","/*jslint","    bitwise: true,","    browser: true,","    maxerr: 8,","    maxlen: 96,","    node: true,","    nomen: true,","    regexp: true,","    stupid: true","*/","(function () {","    'use strict';","    var local;","","","","    // run shared js-env code - pre-init","    (function () {","        // init local","        local = {};","        // init modeJs","        local.modeJs = (function () {","            try {","                return typeof navigator.userAgent === 'string' &&","                    typeof document.querySelector('body') === 'object' &&","                    typeof XMLHttpRequest.prototype.open === 'function' &&","                    'browser';","            } catch (errorCaughtBrowser) {","                return module.exports &&","                    typeof process.versions.node === 'string' &&","                    typeof require('http').createServer === 'function' &&","                    'node';","            }","        }());","        // init global","        local.global = local.modeJs === 'browser'","            ? window","            : global;","        // init utility2_rollup","        local = local.global.utility2_rollup || local;","        // init lib","        local.local = local.npmtest_ember_prerender = local;","        // init exports","        if (local.modeJs === 'browser') {","            local.global.utility2_npmtest_ember_prerender = local;","        } else {","            module.exports = local;","            module.exports.__dirname = __dirname;","            module.exports.module = module;","        }","    }());","}());",""],"l":{"12":2,"14":2,"19":2,"21":2,"23":2,"24":2,"25":2,"30":1,"37":2,"41":2,"43":2,"45":2,"46":1,"48":1,"49":1,"50":1}},"/home/travis/build/npmtest/node-npmtest-ember-prerender/example.js":{"path":"/home/travis/build/npmtest/node-npmtest-ember-prerender/example.js","s":{"1":2,"2":2,"3":2,"4":2,"5":2,"6":2,"7":2,"8":1,"9":2,"10":2,"11":2,"12":2,"13":1,"14":2,"15":2,"16":2,"17":2,"18":2,"19":0,"20":2,"21":1,"22":1,"23":1,"24":1,"25":1,"26":0,"27":0,"28":1,"29":1,"30":2,"31":0,"32":0,"33":0,"34":1,"35":2,"36":2,"37":3,"38":3,"39":3,"40":3,"41":0,"42":3,"43":3,"44":3,"45":1,"46":3,"47":1,"48":1,"49":1,"50":1,"51":1,"52":1,"53":1,"54":1,"55":1,"56":1,"57":0,"58":1,"59":6,"60":6,"61":1,"62":2,"63":0,"64":2,"65":1,"66":1,"67":0,"68":0,"69":0,"70":0,"71":0,"72":0,"73":0,"74":0,"75":0,"76":0,"77":0,"78":0,"79":0,"80":0,"81":0,"82":0,"83":0},"b":{"1":[2,1,1,1],"2":[1,1,1,1],"3":[1,1],"4":[2,2],"5":[1,1],"6":[1,1],"7":[2,0],"8":[2,1,1,1,1,1],"9":[0,2,0],"10":[1,1],"11":[2,1,1],"12":[1,0],"13":[0,2],"14":[2,0,0,0,0,0,0],"15":[0,3],"16":[3,0],"17":[1,1],"18":[0,1],"19":[1,2,0,2],"20":[1,0],"21":[1,1],"22":[0,0],"23":[0,0],"24":[0,0],"25":[0,0],"26":[0,0],"27":[0,0],"28":[0,0]},"f":{"1":2,"2":2,"3":2,"4":2,"5":2,"6":2,"7":3,"8":3,"9":3,"10":1,"11":6,"12":0},"fnMap":{"1":{"name":"(anonymous_1)","line":26,"loc":{"start":{"line":26,"column":1},"end":{"line":26,"column":13}}},"2":{"name":"(anonymous_2)","line":33,"loc":{"start":{"line":33,"column":5},"end":{"line":33,"column":17}}},"3":{"name":"(anonymous_3)","line":37,"loc":{"start":{"line":37,"column":24},"end":{"line":37,"column":36}}},"4":{"name":"(anonymous_4)","line":69,"loc":{"start":{"line":69,"column":31},"end":{"line":69,"column":48}},"skip":true},"5":{"name":"(anonymous_5)","line":78,"loc":{"start":{"line":78,"column":26},"end":{"line":78,"column":45}},"skip":true},"6":{"name":"(anonymous_6)","line":123,"loc":{"start":{"line":123,"column":33},"end":{"line":123,"column":48}},"skip":true},"7":{"name":"(anonymous_7)","line":125,"loc":{"start":{"line":125,"column":27},"end":{"line":125,"column":39}},"skip":true},"8":{"name":"(anonymous_8)","line":133,"loc":{"start":{"line":133,"column":59},"end":{"line":133,"column":74}},"skip":true},"9":{"name":"(anonymous_9)","line":143,"loc":{"start":{"line":143,"column":45},"end":{"line":143,"column":62}},"skip":true},"10":{"name":"(anonymous_10)","line":144,"loc":{"start":{"line":144,"column":73},"end":{"line":144,"column":92}},"skip":true},"11":{"name":"(anonymous_11)","line":272,"loc":{"start":{"line":272,"column":51},"end":{"line":272,"column":77}},"skip":true},"12":{"name":"(anonymous_12)","line":315,"loc":{"start":{"line":315,"column":32},"end":{"line":315,"column":61}},"skip":true}},"statementMap":{"1":{"start":{"line":26,"column":0},"end":{"line":326,"column":5}},"2":{"start":{"line":28,"column":4},"end":{"line":28,"column":14}},"3":{"start":{"line":33,"column":4},"end":{"line":60,"column":9}},"4":{"start":{"line":35,"column":8},"end":{"line":35,"column":19}},"5":{"start":{"line":37,"column":8},"end":{"line":49,"column":13}},"6":{"start":{"line":38,"column":12},"end":{"line":48,"column":13}},"7":{"start":{"line":39,"column":16},"end":{"line":42,"column":30}},"8":{"start":{"line":44,"column":16},"end":{"line":47,"column":27}},"9":{"start":{"line":51,"column":8},"end":{"line":53,"column":21}},"10":{"start":{"line":55,"column":8},"end":{"line":57,"column":45}},"11":{"start":{"line":59,"column":8},"end":{"line":59,"column":35}},"12":{"start":{"line":61,"column":4},"end":{"line":325,"column":5}},"13":{"start":{"line":69,"column":8},"end":{"line":121,"column":10},"skip":true},"14":{"start":{"line":70,"column":12},"end":{"line":88,"column":13},"skip":true},"15":{"start":{"line":76,"column":16},"end":{"line":87,"column":19},"skip":true},"16":{"start":{"line":79,"column":20},"end":{"line":86,"column":21},"skip":true},"17":{"start":{"line":82,"column":24},"end":{"line":82,"column":43},"skip":true},"18":{"start":{"line":83,"column":24},"end":{"line":83,"column":30},"skip":true},"19":{"start":{"line":85,"column":24},"end":{"line":85,"column":49},"skip":true},"20":{"start":{"line":89,"column":12},"end":{"line":107,"column":13},"skip":true},"21":{"start":{"line":92,"column":16},"end":{"line":102,"column":17},"skip":true},"22":{"start":{"line":93,"column":20},"end":{"line":93,"column":86},"skip":true},"23":{"start":{"line":94,"column":20},"end":{"line":95,"column":45},"skip":true},"24":{"start":{"line":96,"column":20},"end":{"line":96,"column":42},"skip":true},"25":{"start":{"line":97,"column":20},"end":{"line":97,"column":48},"skip":true},"26":{"start":{"line":100,"column":20},"end":{"line":100,"column":85},"skip":true},"27":{"start":{"line":101,"column":20},"end":{"line":101,"column":96},"skip":true},"28":{"start":{"line":103,"column":16},"end":{"line":103,"column":22},"skip":true},"29":{"start":{"line":106,"column":16},"end":{"line":106,"column":22},"skip":true},"30":{"start":{"line":108,"column":12},"end":{"line":120,"column":13},"skip":true},"31":{"start":{"line":114,"column":16},"end":{"line":119,"column":17},"skip":true},"32":{"start":{"line":116,"column":20},"end":{"line":116,"column":78},"skip":true},"33":{"start":{"line":118,"column":20},"end":{"line":118,"column":47},"skip":true},"34":{"start":{"line":123,"column":8},"end":{"line":141,"column":11},"skip":true},"35":{"start":{"line":124,"column":12},"end":{"line":124,"column":54},"skip":true},"36":{"start":{"line":125,"column":12},"end":{"line":140,"column":14},"skip":true},"37":{"start":{"line":126,"column":16},"end":{"line":126,"column":28},"skip":true},"38":{"start":{"line":127,"column":16},"end":{"line":127,"column":69},"skip":true},"39":{"start":{"line":128,"column":16},"end":{"line":128,"column":75},"skip":true},"40":{"start":{"line":129,"column":16},"end":{"line":131,"column":17},"skip":true},"41":{"start":{"line":130,"column":20},"end":{"line":130,"column":27},"skip":true},"42":{"start":{"line":133,"column":16},"end":{"line":137,"column":36},"skip":true},"43":{"start":{"line":134,"column":20},"end":{"line":136,"column":55},"skip":true},"44":{"start":{"line":139,"column":16},"end":{"line":139,"column":57},"skip":true},"45":{"start":{"line":143,"column":8},"end":{"line":147,"column":11},"skip":true},"46":{"start":{"line":144,"column":12},"end":{"line":146,"column":15},"skip":true},"47":{"start":{"line":145,"column":16},"end":{"line":145,"column":70},"skip":true},"48":{"start":{"line":149,"column":8},"end":{"line":149,"column":31},"skip":true},"49":{"start":{"line":150,"column":8},"end":{"line":150,"column":14},"skip":true},"50":{"start":{"line":158,"column":8},"end":{"line":158,"column":31},"skip":true},"51":{"start":{"line":160,"column":8},"end":{"line":160,"column":33},"skip":true},"52":{"start":{"line":161,"column":8},"end":{"line":161,"column":37},"skip":true},"53":{"start":{"line":162,"column":8},"end":{"line":162,"column":35},"skip":true},"54":{"start":{"line":164,"column":8},"end":{"line":164,"column":50},"skip":true},"55":{"start":{"line":166,"column":8},"end":{"line":256,"column":2},"skip":true},"56":{"start":{"line":258,"column":8},"end":{"line":286,"column":9},"skip":true},"57":{"start":{"line":259,"column":12},"end":{"line":269,"column":14},"skip":true},"58":{"start":{"line":271,"column":12},"end":{"line":285,"column":19},"skip":true},"59":{"start":{"line":274,"column":20},"end":{"line":274,"column":35},"skip":true},"60":{"start":{"line":275,"column":20},"end":{"line":284,"column":21},"skip":true},"61":{"start":{"line":277,"column":24},"end":{"line":277,"column":64},"skip":true},"62":{"start":{"line":279,"column":24},"end":{"line":279,"column":40},"skip":true},"63":{"start":{"line":281,"column":24},"end":{"line":281,"column":40},"skip":true},"64":{"start":{"line":283,"column":24},"end":{"line":283,"column":39},"skip":true},"65":{"start":{"line":288,"column":8},"end":{"line":290,"column":9},"skip":true},"66":{"start":{"line":289,"column":12},"end":{"line":289,"column":18},"skip":true},"67":{"start":{"line":291,"column":8},"end":{"line":293,"column":54},"skip":true},"68":{"start":{"line":296,"column":8},"end":{"line":301,"column":37},"skip":true},"69":{"start":{"line":303,"column":8},"end":{"line":303,"column":82},"skip":true},"70":{"start":{"line":306,"column":8},"end":{"line":308,"column":9},"skip":true},"71":{"start":{"line":307,"column":12},"end":{"line":307,"column":82},"skip":true},"72":{"start":{"line":310,"column":8},"end":{"line":312,"column":9},"skip":true},"73":{"start":{"line":311,"column":12},"end":{"line":311,"column":18},"skip":true},"74":{"start":{"line":313,"column":8},"end":{"line":313,"column":54},"skip":true},"75":{"start":{"line":314,"column":8},"end":{"line":314,"column":69},"skip":true},"76":{"start":{"line":315,"column":8},"end":{"line":323,"column":36},"skip":true},"77":{"start":{"line":316,"column":12},"end":{"line":316,"column":61},"skip":true},"78":{"start":{"line":317,"column":12},"end":{"line":320,"column":13},"skip":true},"79":{"start":{"line":318,"column":16},"end":{"line":318,"column":75},"skip":true},"80":{"start":{"line":319,"column":16},"end":{"line":319,"column":23},"skip":true},"81":{"start":{"line":321,"column":12},"end":{"line":321,"column":38},"skip":true},"82":{"start":{"line":322,"column":12},"end":{"line":322,"column":27},"skip":true},"83":{"start":{"line":324,"column":8},"end":{"line":324,"column":14},"skip":true}},"branchMap":{"1":{"line":39,"type":"binary-expr","locations":[{"start":{"line":39,"column":23},"end":{"line":39,"column":62}},{"start":{"line":40,"column":20},"end":{"line":40,"column":70}},{"start":{"line":41,"column":20},"end":{"line":41,"column":71}},{"start":{"line":42,"column":20},"end":{"line":42,"column":29}}]},"2":{"line":44,"type":"binary-expr","locations":[{"start":{"line":44,"column":23},"end":{"line":44,"column":37}},{"start":{"line":45,"column":20},"end":{"line":45,"column":61}},{"start":{"line":46,"column":20},"end":{"line":46,"column":70}},{"start":{"line":47,"column":20},"end":{"line":47,"column":26}}]},"3":{"line":51,"type":"cond-expr","locations":[{"start":{"line":52,"column":14},"end":{"line":52,"column":20}},{"start":{"line":53,"column":14},"end":{"line":53,"column":20}}]},"4":{"line":55,"type":"binary-expr","locations":[{"start":{"line":55,"column":16},"end":{"line":55,"column":44}},{"start":{"line":55,"column":49},"end":{"line":57,"column":43}}]},"5":{"line":55,"type":"cond-expr","locations":[{"start":{"line":56,"column":14},"end":{"line":56,"column":59}},{"start":{"line":57,"column":14},"end":{"line":57,"column":43}}]},"6":{"line":61,"type":"switch","locations":[{"start":{"line":68,"column":4},"end":{"line":150,"column":14},"skip":true},{"start":{"line":156,"column":4},"end":{"line":324,"column":14},"skip":true}]},"7":{"line":70,"type":"if","locations":[{"start":{"line":70,"column":12},"end":{"line":70,"column":12},"skip":true},{"start":{"line":70,"column":12},"end":{"line":70,"column":12},"skip":true}]},"8":{"line":70,"type":"binary-expr","locations":[{"start":{"line":70,"column":16},"end":{"line":70,"column":22},"skip":true},{"start":{"line":70,"column":27},"end":{"line":70,"column":32},"skip":true},{"start":{"line":71,"column":20},"end":{"line":71,"column":39},"skip":true},{"start":{"line":72,"column":20},"end":{"line":72,"column":49},"skip":true},{"start":{"line":73,"column":20},"end":{"line":73,"column":58},"skip":true},{"start":{"line":74,"column":20},"end":{"line":74,"column":69},"skip":true}]},"9":{"line":79,"type":"switch","locations":[{"start":{"line":80,"column":20},"end":{"line":80,"column":33},"skip":true},{"start":{"line":81,"column":20},"end":{"line":83,"column":30},"skip":true},{"start":{"line":84,"column":20},"end":{"line":85,"column":49},"skip":true}]},"10":{"line":89,"type":"switch","locations":[{"start":{"line":90,"column":12},"end":{"line":103,"column":22},"skip":true},{"start":{"line":105,"column":12},"end":{"line":106,"column":22},"skip":true}]},"11":{"line":89,"type":"binary-expr","locations":[{"start":{"line":89,"column":20},"end":{"line":89,"column":25},"skip":true},{"start":{"line":89,"column":29},"end":{"line":89,"column":48},"skip":true},{"start":{"line":89,"column":52},"end":{"line":89,"column":74},"skip":true}]},"12":{"line":92,"type":"if","locations":[{"start":{"line":92,"column":16},"end":{"line":92,"column":16},"skip":true},{"start":{"line":92,"column":16},"end":{"line":92,"column":16},"skip":true}]},"13":{"line":108,"type":"if","locations":[{"start":{"line":108,"column":12},"end":{"line":108,"column":12},"skip":true},{"start":{"line":108,"column":12},"end":{"line":108,"column":12},"skip":true}]},"14":{"line":108,"type":"binary-expr","locations":[{"start":{"line":108,"column":16},"end":{"line":108,"column":61},"skip":true},{"start":{"line":108,"column":66},"end":{"line":108,"column":72},"skip":true},{"start":{"line":108,"column":77},"end":{"line":108,"column":82},"skip":true},{"start":{"line":109,"column":20},"end":{"line":109,"column":39},"skip":true},{"start":{"line":110,"column":20},"end":{"line":110,"column":49},"skip":true},{"start":{"line":111,"column":20},"end":{"line":111,"column":58},"skip":true},{"start":{"line":112,"column":20},"end":{"line":112,"column":68},"skip":true}]},"15":{"line":129,"type":"if","locations":[{"start":{"line":129,"column":16},"end":{"line":129,"column":16},"skip":true},{"start":{"line":129,"column":16},"end":{"line":129,"column":16},"skip":true}]},"16":{"line":134,"type":"cond-expr","locations":[{"start":{"line":135,"column":26},"end":{"line":135,"column":29},"skip":true},{"start":{"line":136,"column":26},"end":{"line":136,"column":54},"skip":true}]},"17":{"line":164,"type":"binary-expr","locations":[{"start":{"line":164,"column":27},"end":{"line":164,"column":43},"skip":true},{"start":{"line":164,"column":47},"end":{"line":164,"column":49},"skip":true}]},"18":{"line":258,"type":"if","locations":[{"start":{"line":258,"column":8},"end":{"line":258,"column":8},"skip":true},{"start":{"line":258,"column":8},"end":{"line":258,"column":8},"skip":true}]},"19":{"line":275,"type":"switch","locations":[{"start":{"line":276,"column":20},"end":{"line":277,"column":64},"skip":true},{"start":{"line":278,"column":20},"end":{"line":279,"column":40},"skip":true},{"start":{"line":280,"column":20},"end":{"line":281,"column":40},"skip":true},{"start":{"line":282,"column":20},"end":{"line":283,"column":39},"skip":true}]},"20":{"line":288,"type":"if","locations":[{"start":{"line":288,"column":8},"end":{"line":288,"column":8},"skip":true},{"start":{"line":288,"column":8},"end":{"line":288,"column":8},"skip":true}]},"21":{"line":288,"type":"binary-expr","locations":[{"start":{"line":288,"column":12},"end":{"line":288,"column":40},"skip":true},{"start":{"line":288,"column":44},"end":{"line":288,"column":67},"skip":true}]},"22":{"line":292,"type":"binary-expr","locations":[{"start":{"line":292,"column":12},"end":{"line":292,"column":50},"skip":true},{"start":{"line":293,"column":12},"end":{"line":293,"column":53},"skip":true}]},"23":{"line":297,"type":"binary-expr","locations":[{"start":{"line":297,"column":12},"end":{"line":297,"column":73},"skip":true},{"start":{"line":298,"column":12},"end":{"line":301,"column":36},"skip":true}]},"24":{"line":303,"type":"binary-expr","locations":[{"start":{"line":303,"column":43},"end":{"line":303,"column":75},"skip":true},{"start":{"line":303,"column":79},"end":{"line":303,"column":81},"skip":true}]},"25":{"line":306,"type":"if","locations":[{"start":{"line":306,"column":8},"end":{"line":306,"column":8},"skip":true},{"start":{"line":306,"column":8},"end":{"line":306,"column":8},"skip":true}]},"26":{"line":310,"type":"if","locations":[{"start":{"line":310,"column":8},"end":{"line":310,"column":8},"skip":true},{"start":{"line":310,"column":8},"end":{"line":310,"column":8},"skip":true}]},"27":{"line":313,"type":"binary-expr","locations":[{"start":{"line":313,"column":27},"end":{"line":313,"column":43},"skip":true},{"start":{"line":313,"column":47},"end":{"line":313,"column":53},"skip":true}]},"28":{"line":317,"type":"if","locations":[{"start":{"line":317,"column":12},"end":{"line":317,"column":12},"skip":true},{"start":{"line":317,"column":12},"end":{"line":317,"column":12},"skip":true}]}},"code":["/*","example.js","","quickstart example","","instruction","    1. save this script as example.js","    2. run the shell command:","        $ npm install npmtest-ember-prerender && PORT=8081 node example.js","    3. play with the browser-demo on http://127.0.0.1:8081","*/","","","","/* istanbul instrument in package npmtest_ember_prerender */","/*jslint","    bitwise: true,","    browser: true,","    maxerr: 8,","    maxlen: 96,","    node: true,","    nomen: true,","    regexp: true,","    stupid: true","*/","(function () {","    'use strict';","    var local;","","","","    // run shared js-env code - pre-init","    (function () {","        // init local","        local = {};","        // init modeJs","        local.modeJs = (function () {","            try {","                return typeof navigator.userAgent === 'string' &&","                    typeof document.querySelector('body') === 'object' &&","                    typeof XMLHttpRequest.prototype.open === 'function' &&","                    'browser';","            } catch (errorCaughtBrowser) {","                return module.exports &&","                    typeof process.versions.node === 'string' &&","                    typeof require('http').createServer === 'function' &&","                    'node';","            }","        }());","        // init global","        local.global = local.modeJs === 'browser'","            ? window","            : global;","        // init utility2_rollup","        local = local.global.utility2_rollup || (local.modeJs === 'browser'","            ? local.global.utility2_npmtest_ember_prerender","            : global.utility2_moduleExports);","        // export local","        local.global.local = local;","    }());","    switch (local.modeJs) {","","","","    // post-init","    // run browser js-env code - post-init","    /* istanbul ignore next */","    case 'browser':","        local.testRunBrowser = function (event) {","            if (!event || (event &&","                    event.currentTarget &&","                    event.currentTarget.className &&","                    event.currentTarget.className.includes &&","                    event.currentTarget.className.includes('onreset'))) {","                // reset output","                Array.from(","                    document.querySelectorAll('body > .resettable')","                ).forEach(function (element) {","                    switch (element.tagName) {","                    case 'INPUT':","                    case 'TEXTAREA':","                        element.value = '';","                        break;","                    default:","                        element.textContent = '';","                    }","                });","            }","            switch (event && event.currentTarget && event.currentTarget.id) {","            case 'testRunButton1':","                // show tests","                if (document.querySelector('#testReportDiv1').style.display === 'none') {","                    document.querySelector('#testReportDiv1').style.display = 'block';","                    document.querySelector('#testRunButton1').textContent =","                        'hide internal test';","                    local.modeTest = true;","                    local.testRunDefault(local);","                // hide tests","                } else {","                    document.querySelector('#testReportDiv1').style.display = 'none';","                    document.querySelector('#testRunButton1').textContent = 'run internal test';","                }","                break;","            // custom-case","            default:","                break;","            }","            if (document.querySelector('#inputTextareaEval1') && (!event || (event &&","                    event.currentTarget &&","                    event.currentTarget.className &&","                    event.currentTarget.className.includes &&","                    event.currentTarget.className.includes('oneval')))) {","                // try to eval input-code","                try {","                    /*jslint evil: true*/","                    eval(document.querySelector('#inputTextareaEval1').value);","                } catch (errorCaught) {","                    console.error(errorCaught);","                }","            }","        };","        // log stderr and stdout to #outputTextareaStdout1","        ['error', 'log'].forEach(function (key) {","            console[key + '_original'] = console[key];","            console[key] = function () {","                var element;","                console[key + '_original'].apply(console, arguments);","                element = document.querySelector('#outputTextareaStdout1');","                if (!element) {","                    return;","                }","                // append text to #outputTextareaStdout1","                element.value += Array.from(arguments).map(function (arg) {","                    return typeof arg === 'string'","                        ? arg","                        : JSON.stringify(arg, null, 4);","                }).join(' ') + '\\n';","                // scroll textarea to bottom","                element.scrollTop = element.scrollHeight;","            };","        });","        // init event-handling","        ['change', 'click', 'keyup'].forEach(function (event) {","            Array.from(document.querySelectorAll('.on' + event)).forEach(function (element) {","                element.addEventListener(event, local.testRunBrowser);","            });","        });","        // run tests","        local.testRunBrowser();","        break;","","","","    // run node js-env code - post-init","    /* istanbul ignore next */","    case 'node':","        // export local","        module.exports = local;","        // require modules","        local.fs = require('fs');","        local.http = require('http');","        local.url = require('url');","        // init assets","        local.assetsDict = local.assetsDict || {};","        /* jslint-ignore-begin */","        local.assetsDict['/assets.index.template.html'] = '\\","<!doctype html>\\n\\","<html lang=\"en\">\\n\\","<head>\\n\\","<meta charset=\"UTF-8\">\\n\\","<meta name=\"viewport\" content=\"width=device-width, initial-scale=1\">\\n\\","<title>{{env.npm_package_name}} (v{{env.npm_package_version}})</title>\\n\\","<style>\\n\\","/*csslint\\n\\","    box-sizing: false,\\n\\","    universal-selector: false\\n\\","*/\\n\\","* {\\n\\","    box-sizing: border-box;\\n\\","}\\n\\","body {\\n\\","    background: #dde;\\n\\","    font-family: Arial, Helvetica, sans-serif;\\n\\","    margin: 2rem;\\n\\","}\\n\\","body > * {\\n\\","    margin-bottom: 1rem;\\n\\","}\\n\\",".utility2FooterDiv {\\n\\","    margin-top: 20px;\\n\\","    text-align: center;\\n\\","}\\n\\","</style>\\n\\","<style>\\n\\","/*csslint\\n\\","*/\\n\\","textarea {\\n\\","    font-family: monospace;\\n\\","    height: 10rem;\\n\\","    width: 100%;\\n\\","}\\n\\","textarea[readonly] {\\n\\","    background: #ddd;\\n\\","}\\n\\","</style>\\n\\","</head>\\n\\","<body>\\n\\","<!-- utility2-comment\\n\\","<div id=\"ajaxProgressDiv1\" style=\"background: #d00; height: 2px; left: 0; margin: 0; padding: 0; position: fixed; top: 0; transition: background 0.5s, width 1.5s; width: 25%;\"></div>\\n\\","utility2-comment -->\\n\\","<h1>\\n\\","<!-- utility2-comment\\n\\","    <a\\n\\","        {{#if env.npm_package_homepage}}\\n\\","        href=\"{{env.npm_package_homepage}}\"\\n\\","        {{/if env.npm_package_homepage}}\\n\\","        target=\"_blank\"\\n\\","    >\\n\\","utility2-comment -->\\n\\","        {{env.npm_package_name}} (v{{env.npm_package_version}})\\n\\","<!-- utility2-comment\\n\\","    </a>\\n\\","utility2-comment -->\\n\\","</h1>\\n\\","<h3>{{env.npm_package_description}}</h3>\\n\\","<!-- utility2-comment\\n\\","<h4><a download href=\"assets.app.js\">download standalone app</a></h4>\\n\\","<button class=\"onclick onreset\" id=\"testRunButton1\">run internal test</button><br>\\n\\","<div id=\"testReportDiv1\" style=\"display: none;\"></div>\\n\\","utility2-comment -->\\n\\","\\n\\","\\n\\","\\n\\","<label>stderr and stdout</label>\\n\\","<textarea class=\"resettable\" id=\"outputTextareaStdout1\" readonly></textarea>\\n\\","<!-- utility2-comment\\n\\","{{#if isRollup}}\\n\\","<script src=\"assets.app.js\"></script>\\n\\","{{#unless isRollup}}\\n\\","utility2-comment -->\\n\\","<script src=\"assets.utility2.rollup.js\"></script>\\n\\","<script src=\"jsonp.utility2._stateInit?callback=window.utility2._stateInit\"></script>\\n\\","<script src=\"assets.npmtest_ember_prerender.rollup.js\"></script>\\n\\","<script src=\"assets.example.js\"></script>\\n\\","<script src=\"assets.test.js\"></script>\\n\\","<!-- utility2-comment\\n\\","{{/if isRollup}}\\n\\","utility2-comment -->\\n\\","<div class=\"utility2FooterDiv\">\\n\\","    [ this app was created with\\n\\","    <a href=\"https://github.com/kaizhu256/node-utility2\" target=\"_blank\">utility2</a>\\n\\","    ]\\n\\","</div>\\n\\","</body>\\n\\","</html>\\n\\","';","        /* jslint-ignore-end */","        if (local.templateRender) {","            local.assetsDict['/'] = local.templateRender(","                local.assetsDict['/assets.index.template.html'],","                {","                    env: local.objectSetDefault(local.env, {","                        npm_package_description: 'the greatest app in the world!',","                        npm_package_name: 'my-app',","                        npm_package_nameAlias: 'my_app',","                        npm_package_version: '0.0.1'","                    })","                }","            );","        } else {","            local.assetsDict['/'] = local.assetsDict['/assets.index.template.html']","                .replace((/\\{\\{env\\.(\\w+?)\\}\\}/g), function (match0, match1) {","                    // jslint-hack","                    String(match0);","                    switch (match1) {","                    case 'npm_package_description':","                        return 'the greatest app in the world!';","                    case 'npm_package_name':","                        return 'my-app';","                    case 'npm_package_nameAlias':","                        return 'my_app';","                    case 'npm_package_version':","                        return '0.0.1';","                    }","                });","        }","        // run the cli","        if (local.global.utility2_rollup || module !== require.main) {","            break;","        }","        local.assetsDict['/assets.example.js'] =","            local.assetsDict['/assets.example.js'] ||","            local.fs.readFileSync(__filename, 'utf8');","        // bug-workaround - long $npm_package_buildCustomOrg","        /* jslint-ignore-begin */","        local.assetsDict['/assets.npmtest_ember_prerender.rollup.js'] =","            local.assetsDict['/assets.npmtest_ember_prerender.rollup.js'] ||","            local.fs.readFileSync(","                local.npmtest_ember_prerender.__dirname + '/lib.npmtest_ember_prerender.js',","                'utf8'","            ).replace((/^#!/), '//');","        /* jslint-ignore-end */","        local.assetsDict['/favicon.ico'] = local.assetsDict['/favicon.ico'] || '';","        // if $npm_config_timeout_exit exists,","        // then exit this process after $npm_config_timeout_exit ms","        if (Number(process.env.npm_config_timeout_exit)) {","            setTimeout(process.exit, Number(process.env.npm_config_timeout_exit));","        }","        // start server","        if (local.global.utility2_serverHttp1) {","            break;","        }","        process.env.PORT = process.env.PORT || '8081';","        console.error('server starting on port ' + process.env.PORT);","        local.http.createServer(function (request, response) {","            request.urlParsed = local.url.parse(request.url);","            if (local.assetsDict[request.urlParsed.pathname] !== undefined) {","                response.end(local.assetsDict[request.urlParsed.pathname]);","                return;","            }","            response.statusCode = 404;","            response.end();","        }).listen(process.env.PORT);","        break;","    }","}());",""],"l":{"26":2,"28":2,"33":2,"35":2,"37":2,"38":2,"39":2,"44":1,"51":2,"55":2,"59":2,"61":2,"69":1,"70":2,"76":2,"79":2,"82":2,"83":2,"85":1,"89":2,"92":1,"93":1,"94":1,"96":1,"97":1,"100":1,"101":1,"103":1,"106":1,"108":2,"114":1,"116":1,"118":1,"123":1,"124":2,"125":2,"126":3,"127":3,"128":3,"129":3,"130":1,"133":3,"134":3,"139":3,"143":1,"144":3,"145":1,"149":1,"150":1,"158":1,"160":1,"161":1,"162":1,"164":1,"166":1,"258":1,"259":1,"271":1,"274":6,"275":6,"277":1,"279":2,"281":1,"283":2,"288":1,"289":1,"291":1,"296":1,"303":1,"306":1,"307":1,"310":1,"311":1,"313":1,"314":1,"315":1,"316":1,"317":1,"318":1,"319":1,"321":1,"322":1,"324":1}},"/home/travis/build/npmtest/node-npmtest-ember-prerender/node_modules/ember-prerender/index.js":{"path":"/home/travis/build/npmtest/node-npmtest-ember-prerender/node_modules/ember-prerender/index.js","s":{"1":1},"b":{},"f":{},"fnMap":{},"statementMap":{"1":{"start":{"line":1,"column":0},"end":{"line":1,"column":34}}},"branchMap":{},"code":["module.exports = require('./lib');",""],"l":{"1":1}},"/home/travis/build/npmtest/node-npmtest-ember-prerender/node_modules/ember-prerender/lib/index.js":{"path":"/home/travis/build/npmtest/node-npmtest-ember-prerender/node_modules/ember-prerender/lib/index.js","s":{"1":1,"2":1,"3":1},"b":{},"f":{"1":1},"fnMap":{"1":{"name":"(anonymous_1)","line":3,"loc":{"start":{"line":3,"column":27},"end":{"line":3,"column":44}}}},"statementMap":{"1":{"start":{"line":1,"column":0},"end":{"line":1,"column":42}},"2":{"start":{"line":3,"column":0},"end":{"line":5,"column":2}},"3":{"start":{"line":4,"column":2},"end":{"line":4,"column":37}}},"branchMap":{},"code":["var PrerenderServer = require('./server');","","exports = module.exports = function(config) {","  return new PrerenderServer(config);","};",""],"l":{"1":1,"3":1,"4":1}},"/home/travis/build/npmtest/node-npmtest-ember-prerender/node_modules/ember-prerender/lib/server.js":{"path":"/home/travis/build/npmtest/node-npmtest-ember-prerender/node_modules/ember-prerender/lib/server.js","s":{"1":1,"2":1,"3":1,"4":1,"5":1,"6":1,"7":1,"8":1,"9":1,"10":1,"11":1,"12":1,"13":1,"14":1,"15":1,"16":1,"17":1,"18":0,"19":1,"20":0,"21":0,"22":0,"23":0,"24":1,"25":0,"26":0,"27":0,"28":0,"29":0,"30":0,"31":0,"32":0,"33":0,"34":0,"35":0,"36":0,"37":0,"38":0,"39":0,"40":0,"41":1,"42":0,"43":0,"44":0,"45":0,"46":0,"47":0,"48":1,"49":0,"50":0,"51":0,"52":0,"53":0,"54":1,"55":0,"56":0,"57":0,"58":0,"59":0,"60":0,"61":0,"62":0,"63":0,"64":1,"65":0,"66":0,"67":0,"68":0,"69":0,"70":1,"71":0,"72":0,"73":0,"74":0,"75":0,"76":0,"77":1,"78":0,"79":1},"b":{"1":[0,0],"2":[0,0],"3":[0,0],"4":[0,0],"5":[0,0],"6":[0,0],"7":[0,0],"8":[0,0],"9":[0,0],"10":[0,0],"11":[0,0]},"f":{"1":1,"2":1,"3":0,"4":0,"5":0,"6":0,"7":0,"8":0,"9":0,"10":0,"11":0,"12":0,"13":0},"fnMap":{"1":{"name":"PrerenderServer","line":8,"loc":{"start":{"line":8,"column":0},"end":{"line":8,"column":33}}},"2":{"name":"(anonymous_2)","line":23,"loc":{"start":{"line":23,"column":34},"end":{"line":23,"column":45}}},"3":{"name":"(anonymous_3)","line":34,"loc":{"start":{"line":34,"column":46},"end":{"line":34,"column":57}}},"4":{"name":"(anonymous_4)","line":41,"loc":{"start":{"line":41,"column":51},"end":{"line":41,"column":62}}},"5":{"name":"(anonymous_5)","line":43,"loc":{"start":{"line":43,"column":22},"end":{"line":43,"column":33}}},"6":{"name":"(anonymous_6)","line":54,"loc":{"start":{"line":54,"column":38},"end":{"line":54,"column":57}}},"7":{"name":"(anonymous_7)","line":60,"loc":{"start":{"line":60,"column":18},"end":{"line":60,"column":29}}},"8":{"name":"(anonymous_8)","line":86,"loc":{"start":{"line":86,"column":39},"end":{"line":86,"column":72}}},"9":{"name":"(anonymous_9)","line":111,"loc":{"start":{"line":111,"column":41},"end":{"line":111,"column":52}}},"10":{"name":"(anonymous_10)","line":123,"loc":{"start":{"line":123,"column":37},"end":{"line":123,"column":51}}},"11":{"name":"(anonymous_11)","line":143,"loc":{"start":{"line":143,"column":38},"end":{"line":143,"column":65}}},"12":{"name":"(anonymous_12)","line":156,"loc":{"start":{"line":156,"column":37},"end":{"line":156,"column":54}}},"13":{"name":"(anonymous_13)","line":169,"loc":{"start":{"line":169,"column":39},"end":{"line":169,"column":52}}}},"statementMap":{"1":{"start":{"line":1,"column":0},"end":{"line":1,"column":42}},"2":{"start":{"line":2,"column":0},"end":{"line":2,"column":46}},"3":{"start":{"line":3,"column":0},"end":{"line":3,"column":26}},"4":{"start":{"line":4,"column":0},"end":{"line":4,"column":27}},"5":{"start":{"line":5,"column":0},"end":{"line":5,"column":25}},"6":{"start":{"line":6,"column":0},"end":{"line":6,"column":33}},"7":{"start":{"line":8,"column":0},"end":{"line":18,"column":1}},"8":{"start":{"line":9,"column":2},"end":{"line":9,"column":23}},"9":{"start":{"line":10,"column":2},"end":{"line":10,"column":93}},"10":{"start":{"line":11,"column":2},"end":{"line":16,"column":4}},"11":{"start":{"line":17,"column":2},"end":{"line":17,"column":18}},"12":{"start":{"line":23,"column":0},"end":{"line":29,"column":2}},"13":{"start":{"line":24,"column":2},"end":{"line":24,"column":103}},"14":{"start":{"line":25,"column":2},"end":{"line":25,"column":116}},"15":{"start":{"line":27,"column":2},"end":{"line":27,"column":57}},"16":{"start":{"line":28,"column":2},"end":{"line":28,"column":30}},"17":{"start":{"line":34,"column":0},"end":{"line":36,"column":2}},"18":{"start":{"line":35,"column":2},"end":{"line":35,"column":22}},"19":{"start":{"line":41,"column":0},"end":{"line":49,"column":1}},"20":{"start":{"line":42,"column":2},"end":{"line":48,"column":3}},"21":{"start":{"line":43,"column":4},"end":{"line":45,"column":7}},"22":{"start":{"line":44,"column":6},"end":{"line":44,"column":21}},"23":{"start":{"line":47,"column":4},"end":{"line":47,"column":19}},"24":{"start":{"line":54,"column":0},"end":{"line":81,"column":2}},"25":{"start":{"line":55,"column":2},"end":{"line":55,"column":76}},"26":{"start":{"line":56,"column":2},"end":{"line":56,"column":53}},"27":{"start":{"line":57,"column":2},"end":{"line":57,"column":39}},"28":{"start":{"line":58,"column":2},"end":{"line":58,"column":38}},"29":{"start":{"line":60,"column":2},"end":{"line":63,"column":5}},"30":{"start":{"line":62,"column":4},"end":{"line":62,"column":29}},"31":{"start":{"line":65,"column":2},"end":{"line":80,"column":3}},"32":{"start":{"line":67,"column":4},"end":{"line":67,"column":105}},"33":{"start":{"line":68,"column":4},"end":{"line":68,"column":68}},"34":{"start":{"line":69,"column":4},"end":{"line":69,"column":38}},"35":{"start":{"line":70,"column":9},"end":{"line":80,"column":3}},"36":{"start":{"line":72,"column":4},"end":{"line":74,"column":5}},"37":{"start":{"line":73,"column":6},"end":{"line":73,"column":70}},"38":{"start":{"line":75,"column":4},"end":{"line":75,"column":37}},"39":{"start":{"line":78,"column":4},"end":{"line":78,"column":72}},"40":{"start":{"line":79,"column":4},"end":{"line":79,"column":44}},"41":{"start":{"line":86,"column":0},"end":{"line":106,"column":2}},"42":{"start":{"line":87,"column":2},"end":{"line":105,"column":3}},"43":{"start":{"line":88,"column":4},"end":{"line":88,"column":112}},"44":{"start":{"line":89,"column":4},"end":{"line":89,"column":68}},"45":{"start":{"line":90,"column":4},"end":{"line":90,"column":38}},"46":{"start":{"line":92,"column":4},"end":{"line":103,"column":7}},"47":{"start":{"line":104,"column":4},"end":{"line":104,"column":24}},"48":{"start":{"line":111,"column":0},"end":{"line":118,"column":2}},"49":{"start":{"line":112,"column":2},"end":{"line":117,"column":3}},"50":{"start":{"line":113,"column":4},"end":{"line":113,"column":33}},"51":{"start":{"line":114,"column":4},"end":{"line":114,"column":37}},"52":{"start":{"line":115,"column":4},"end":{"line":115,"column":81}},"53":{"start":{"line":116,"column":4},"end":{"line":116,"column":34}},"54":{"start":{"line":123,"column":0},"end":{"line":138,"column":2}},"55":{"start":{"line":124,"column":2},"end":{"line":124,"column":69}},"56":{"start":{"line":125,"column":2},"end":{"line":125,"column":70}},"57":{"start":{"line":126,"column":2},"end":{"line":126,"column":67}},"58":{"start":{"line":128,"column":2},"end":{"line":130,"column":83}},"59":{"start":{"line":132,"column":2},"end":{"line":132,"column":80}},"60":{"start":{"line":133,"column":2},"end":{"line":133,"column":86}},"61":{"start":{"line":134,"column":2},"end":{"line":134,"column":29}},"62":{"start":{"line":136,"column":2},"end":{"line":136,"column":33}},"63":{"start":{"line":137,"column":2},"end":{"line":137,"column":22}},"64":{"start":{"line":143,"column":0},"end":{"line":151,"column":2}},"65":{"start":{"line":144,"column":2},"end":{"line":150,"column":3}},"66":{"start":{"line":145,"column":4},"end":{"line":145,"column":52}},"67":{"start":{"line":146,"column":4},"end":{"line":146,"column":27}},"68":{"start":{"line":148,"column":4},"end":{"line":148,"column":68}},"69":{"start":{"line":149,"column":4},"end":{"line":149,"column":41}},"70":{"start":{"line":156,"column":0},"end":{"line":164,"column":2}},"71":{"start":{"line":157,"column":2},"end":{"line":157,"column":38}},"72":{"start":{"line":158,"column":2},"end":{"line":162,"column":3}},"73":{"start":{"line":159,"column":4},"end":{"line":159,"column":55}},"74":{"start":{"line":160,"column":4},"end":{"line":160,"column":42}},"75":{"start":{"line":161,"column":4},"end":{"line":161,"column":24}},"76":{"start":{"line":163,"column":2},"end":{"line":163,"column":27}},"77":{"start":{"line":169,"column":0},"end":{"line":171,"column":2}},"78":{"start":{"line":170,"column":2},"end":{"line":170,"column":56}},"79":{"start":{"line":173,"column":0},"end":{"line":173,"column":33}}},"branchMap":{"1":{"line":42,"type":"if","locations":[{"start":{"line":42,"column":2},"end":{"line":42,"column":2}},{"start":{"line":42,"column":2},"end":{"line":42,"column":2}}]},"2":{"line":55,"type":"binary-expr","locations":[{"start":{"line":55,"column":13},"end":{"line":55,"column":43}},{"start":{"line":55,"column":47},"end":{"line":55,"column":75}}]},"3":{"line":56,"type":"binary-expr","locations":[{"start":{"line":56,"column":14},"end":{"line":56,"column":39}},{"start":{"line":56,"column":43},"end":{"line":56,"column":52}}]},"4":{"line":65,"type":"if","locations":[{"start":{"line":65,"column":2},"end":{"line":65,"column":2}},{"start":{"line":65,"column":2},"end":{"line":65,"column":2}}]},"5":{"line":70,"type":"if","locations":[{"start":{"line":70,"column":9},"end":{"line":70,"column":9}},{"start":{"line":70,"column":9},"end":{"line":70,"column":9}}]},"6":{"line":72,"type":"if","locations":[{"start":{"line":72,"column":4},"end":{"line":72,"column":4}},{"start":{"line":72,"column":4},"end":{"line":72,"column":4}}]},"7":{"line":87,"type":"if","locations":[{"start":{"line":87,"column":2},"end":{"line":87,"column":2}},{"start":{"line":87,"column":2},"end":{"line":87,"column":2}}]},"8":{"line":112,"type":"if","locations":[{"start":{"line":112,"column":2},"end":{"line":112,"column":2}},{"start":{"line":112,"column":2},"end":{"line":112,"column":2}}]},"9":{"line":112,"type":"binary-expr","locations":[{"start":{"line":112,"column":6},"end":{"line":112,"column":25}},{"start":{"line":112,"column":29},"end":{"line":112,"column":50}}]},"10":{"line":144,"type":"if","locations":[{"start":{"line":144,"column":2},"end":{"line":144,"column":2}},{"start":{"line":144,"column":2},"end":{"line":144,"column":2}}]},"11":{"line":158,"type":"if","locations":[{"start":{"line":158,"column":2},"end":{"line":158,"column":2}},{"start":{"line":158,"column":2},"end":{"line":158,"column":2}}]}},"code":["var PrerenderLogger = require('./logger');","var PrerenderRenderer = require('./renderer');","var _ = require('lodash');","var http = require('http');","var url = require('url');","var request = require('request');","","function PrerenderServer(config) {","  this.config = config;","  this.logger = new PrerenderLogger(this.config.logging, 'Server ' + this.config.processNum);","  this.renderer = new PrerenderRenderer(","    _.extend({","      initializationCallback: _.bind(this.afterRendererInit, this),","      terminationCallback: _.bind(this.afterRendererTerminate, this)","    }, this.config)","  );","  this.queue = [];","}","","/*"," * Start the renderer and server"," */","PrerenderServer.prototype.start = function() {","  this.logger.log('server', \"Server listening on port \" + (this.config.port + this.config.processNum));","  this.server = http.createServer(_.bind(this.onRequest, this)).listen((this.config.port + this.config.processNum));","","  this.logger.log('server', \"Starting rendering engine\");","  this.renderer.startEngine();","};","","/*"," * Check the queue after the renderer finishes initializing"," */","PrerenderServer.prototype.afterRendererInit = function() {","  this.processQueue();","};","","/*"," * Stop accepting connections and exit the process when the renderer terminates"," */","PrerenderServer.prototype.afterRendererTerminate = function() {","  if (this.config.gracefulExit) {","    this.server.close(function() {","      process.exit();","    });","  } else {","    process.exit();","  }","}","","/*"," * Handle a server request"," */","PrerenderServer.prototype.onRequest = function(req, res) {","  var addr = req.headers['x-forwarded-for'] || req.connection.remoteAddress;","  var agent = req.headers['user-agent'] || \"Unknown\";","  var user = addr + ' (' + agent + ')';","  var reqUrl = this.parseURL(req.url);","","  req.once('end', function() {","    // Close the socket once the response is sent to avoid keepalive issues","    req.connection.destroy();","  });","","  if (req.method !== 'GET') {","    // Not a valid request method","    this.logger.log('error', user + \" -> Received an unsupported \" + req.method + \" request: \" + reqUrl);","    res.writeHead(405, {'Content-Type': 'text/html;charset=UTF-8'});","    res.end(\"405 Method Not Allowed\");","  } else if (reqUrl.match(this.config.filesMatch)) {","    // Serve a static file","    if (this.config.serveFilesLog) {","      this.logger.log('server', user + \" -> Serving file: \" + reqUrl);","    }","    this.serveFile(req, res, reqUrl);","  } else {","    // Enqueue a rendering job","    this.logger.log('server', user + \" -> Enqueueing route: \" + reqUrl);","    this.enqueueJob(req, res, user, reqUrl);","  }","};","","/*"," * Enqueue a rendering job"," */","PrerenderServer.prototype.enqueueJob = function(req, res, user, reqUrl) {","  if (this.queue.length > this.config.maxQueueSize) {","    this.logger.log('error', user + \" -> Request failed, queue reached the maximum configured size: \" + reqUrl);","    res.writeHead(503, {'Content-Type': 'text/html;charset=UTF-8'});","    res.end(\"503 Service Unvailable\");","  } else {","    this.queue.push({","      req: req,","      res: res,","      queueTime: process.hrtime(),","      user: user,","      page: {","        url: reqUrl,","        statusCode: 500, // Default code in the event of a rendering error","        html: \"500 Internal Server Error\"","      },","      callback: _.bind(this.sendPage, this)","    });","    this.processQueue();","  }","};","","/*"," * Process any jobs in the queue"," */","PrerenderServer.prototype.processQueue = function() {","  if (!this.renderer.busy && this.queue.length > 0) {","    var job = this.queue.shift();","    job.startTime = process.hrtime();","    this.logger.log('server', job.user + \" -> Rendering route: \" + job.page.url);","    this.renderer.renderPage(job);","  }","};","","/*"," * Send the rendered page"," */","PrerenderServer.prototype.sendPage = function(job) {","  var totalDuration = this.hrtimeToMs(process.hrtime(job.queueTime));","  var renderDuration = this.hrtimeToMs(process.hrtime(job.startTime));","  var queueDuration = parseInt(totalDuration - renderDuration, 10);","","  this.logger.log('server', job.user + \" -> Rendered page in \" + totalDuration + \"ms \" +","                  \"(\" + queueDuration + \"ms in queue + \" + renderDuration + \"ms rendering) \" +","                  \"with status code \" + job.page.statusCode + \": \" + job.page.url);","","  job.res.setHeader('Content-Length', Buffer.byteLength(job.page.html, 'utf8'));","  job.res.writeHead(job.page.statusCode, {'Content-Type': 'text/html;charset=UTF-8'});","  job.res.end(job.page.html);","","  this.renderer.jobFinished(job);","  this.processQueue();","};","","/*"," * Serve a static file"," */","PrerenderServer.prototype.serveFile = function(req, res, reqUrl) {","  if (this.config.serveFiles) {","    var url = this.config.appUrl + reqUrl.substr(1);","    request(url).pipe(res);","  } else {","    res.writeHead(500, {'Content-Type': 'text/html;charset=UTF-8'});","    res.end(\"500 Internal Server Error\");","  }","};","","/*"," * Parse the full url into the path and query string"," */","PrerenderServer.prototype.parseURL = function(reqURL) {","  var parts = url.parse(reqURL, true);","  if (parts.query._escaped_fragment_) {","    parts.hash = '#!' + parts.query._escaped_fragment_;","    delete parts.query._escaped_fragment_;","    delete parts.search;","  }","  return url.format(parts);","};","","/*"," * Convert hrtime to milliseconds"," */","PrerenderServer.prototype.hrtimeToMs = function(hr) {","  return (hr[0] * 1000 + parseInt(hr[1] / 1000000, 10));","};","","module.exports = PrerenderServer;",""],"l":{"1":1,"2":1,"3":1,"4":1,"5":1,"6":1,"8":1,"9":1,"10":1,"11":1,"17":1,"23":1,"24":1,"25":1,"27":1,"28":1,"34":1,"35":0,"41":1,"42":0,"43":0,"44":0,"47":0,"54":1,"55":0,"56":0,"57":0,"58":0,"60":0,"62":0,"65":0,"67":0,"68":0,"69":0,"70":0,"72":0,"73":0,"75":0,"78":0,"79":0,"86":1,"87":0,"88":0,"89":0,"90":0,"92":0,"104":0,"111":1,"112":0,"113":0,"114":0,"115":0,"116":0,"123":1,"124":0,"125":0,"126":0,"128":0,"132":0,"133":0,"134":0,"136":0,"137":0,"143":1,"144":0,"145":0,"146":0,"148":0,"149":0,"156":1,"157":0,"158":0,"159":0,"160":0,"161":0,"163":0,"169":1,"170":0,"173":1}},"/home/travis/build/npmtest/node-npmtest-ember-prerender/node_modules/ember-prerender/lib/logger.js":{"path":"/home/travis/build/npmtest/node-npmtest-ember-prerender/node_modules/ember-prerender/lib/logger.js","s":{"1":1,"2":1,"3":1,"4":2,"5":2,"6":2,"7":2,"8":0,"9":3,"10":6,"11":0,"12":1,"13":3,"14":3,"15":0,"16":3,"17":3,"18":3,"19":3,"20":3,"21":3,"22":3,"23":3,"24":3,"25":3,"26":9,"27":0,"28":0,"29":9,"30":3,"31":1},"b":{"1":[0,3],"2":[3,0],"3":[3,0],"4":[3,0],"5":[0,9]},"f":{"1":2,"2":0,"3":3,"4":6,"5":0,"6":3,"7":9},"fnMap":{"1":{"name":"PrerenderLogger","line":4,"loc":{"start":{"line":4,"column":0},"end":{"line":4,"column":41}}},"2":{"name":"(anonymous_2)","line":16,"loc":{"start":{"line":16,"column":11},"end":{"line":16,"column":25}}},"3":{"name":"(anonymous_3)","line":19,"loc":{"start":{"line":19,"column":14},"end":{"line":19,"column":28}}},"4":{"name":"(anonymous_4)","line":22,"loc":{"start":{"line":22,"column":12},"end":{"line":22,"column":26}}},"5":{"name":"(anonymous_5)","line":25,"loc":{"start":{"line":25,"column":11},"end":{"line":25,"column":25}}},"6":{"name":"(anonymous_6)","line":34,"loc":{"start":{"line":34,"column":32},"end":{"line":34,"column":48}}},"7":{"name":"(anonymous_7)","line":55,"loc":{"start":{"line":55,"column":23},"end":{"line":55,"column":37}}}},"statementMap":{"1":{"start":{"line":1,"column":0},"end":{"line":1,"column":31}},"2":{"start":{"line":2,"column":0},"end":{"line":2,"column":26}},"3":{"start":{"line":4,"column":0},"end":{"line":29,"column":1}},"4":{"start":{"line":5,"column":2},"end":{"line":5,"column":23}},"5":{"start":{"line":6,"column":2},"end":{"line":6,"column":23}},"6":{"start":{"line":8,"column":2},"end":{"line":13,"column":4}},"7":{"start":{"line":15,"column":2},"end":{"line":28,"column":4}},"8":{"start":{"line":17,"column":6},"end":{"line":17,"column":34}},"9":{"start":{"line":20,"column":6},"end":{"line":20,"column":33}},"10":{"start":{"line":23,"column":6},"end":{"line":23,"column":27}},"11":{"start":{"line":26,"column":6},"end":{"line":26,"column":26}},"12":{"start":{"line":34,"column":0},"end":{"line":67,"column":2}},"13":{"start":{"line":35,"column":2},"end":{"line":35,"column":19}},"14":{"start":{"line":37,"column":2},"end":{"line":39,"column":3}},"15":{"start":{"line":38,"column":4},"end":{"line":38,"column":11}},"16":{"start":{"line":41,"column":2},"end":{"line":41,"column":38}},"17":{"start":{"line":42,"column":2},"end":{"line":42,"column":15}},"18":{"start":{"line":44,"column":2},"end":{"line":44,"column":40}},"19":{"start":{"line":46,"column":2},"end":{"line":52,"column":3}},"20":{"start":{"line":47,"column":4},"end":{"line":47,"column":45}},"21":{"start":{"line":48,"column":4},"end":{"line":50,"column":5}},"22":{"start":{"line":49,"column":6},"end":{"line":49,"column":41}},"23":{"start":{"line":51,"column":4},"end":{"line":51,"column":28}},"24":{"start":{"line":54,"column":2},"end":{"line":64,"column":3}},"25":{"start":{"line":55,"column":4},"end":{"line":63,"column":7}},"26":{"start":{"line":56,"column":6},"end":{"line":61,"column":7}},"27":{"start":{"line":57,"column":8},"end":{"line":60,"column":9}},"28":{"start":{"line":58,"column":10},"end":{"line":58,"column":36}},"29":{"start":{"line":62,"column":6},"end":{"line":62,"column":39}},"30":{"start":{"line":66,"column":2},"end":{"line":66,"column":32}},"31":{"start":{"line":69,"column":0},"end":{"line":69,"column":33}}},"branchMap":{"1":{"line":37,"type":"if","locations":[{"start":{"line":37,"column":2},"end":{"line":37,"column":2}},{"start":{"line":37,"column":2},"end":{"line":37,"column":2}}]},"2":{"line":46,"type":"if","locations":[{"start":{"line":46,"column":2},"end":{"line":46,"column":2}},{"start":{"line":46,"column":2},"end":{"line":46,"column":2}}]},"3":{"line":48,"type":"if","locations":[{"start":{"line":48,"column":4},"end":{"line":48,"column":4}},{"start":{"line":48,"column":4},"end":{"line":48,"column":4}}]},"4":{"line":54,"type":"if","locations":[{"start":{"line":54,"column":2},"end":{"line":54,"column":2}},{"start":{"line":54,"column":2},"end":{"line":54,"column":2}}]},"5":{"line":56,"type":"if","locations":[{"start":{"line":56,"column":6},"end":{"line":56,"column":6}},{"start":{"line":56,"column":6},"end":{"line":56,"column":6}}]}},"code":["var clc = require('cli-color');","var _ = require('lodash');","","function PrerenderLogger(config, prefix) {","  this.config = config;","  this.prefix = prefix;","","  this.levels = {","    debug: 0,","    renderer: 1,","    server: 2,","    error: 3","  };","","  this.formats = {","    debug: function(val) {","      return clc.blackBright(val);","    },","    renderer: function(val) {","      return clc.blueBright(val);","    },","    server: function(val) {","      return clc.cyan(val);","    },","    error: function(val) {","      return clc.red(val);","    }","  };","}","","/*"," * Utility class for prerender logging"," */","PrerenderLogger.prototype.log = function(level) {","  var _this = this;","","  if (this.levels[this.config.level] > this.levels[level]) {","    return;","  }","","  var args = [].slice.call(arguments);","  args.shift();","","  args.unshift('[' + this.prefix + ']');","","  if (this.config.timestamp) {","    var timestamp = new Date().toISOString();","    if (this.config.format) {","      timestamp = clc.inverse(timestamp);","    }","    args.unshift(timestamp);","  }","","  if (this.config.format) {","    args = _.map(args, function(arg) {","      if (typeof arg !== 'string') {","        try {","          arg = JSON.stringify(arg);","        } catch (e) {","        }","      }","      return _this.formats[level](arg);","    });","  }","","  console.log.apply(this, args);","};","","module.exports = PrerenderLogger;",""],"l":{"1":1,"2":1,"4":1,"5":2,"6":2,"8":2,"15":2,"17":0,"20":3,"23":6,"26":0,"34":1,"35":3,"37":3,"38":0,"41":3,"42":3,"44":3,"46":3,"47":3,"48":3,"49":3,"51":3,"54":3,"55":3,"56":9,"57":0,"58":0,"62":9,"66":3,"69":1}},"/home/travis/build/npmtest/node-npmtest-ember-prerender/node_modules/ember-prerender/lib/renderer.js":{"path":"/home/travis/build/npmtest/node-npmtest-ember-prerender/node_modules/ember-prerender/lib/renderer.js","s":{"1":1,"2":1,"3":1,"4":1,"5":1,"6":1,"7":1,"8":1,"9":0,"10":0,"11":1,"12":1,"13":1,"14":1,"15":1,"16":1,"17":1,"18":1,"19":1,"20":0,"21":0,"22":0,"23":0,"24":0,"25":0,"26":0,"27":0,"28":0,"29":1,"30":0,"31":0,"32":1,"33":0,"34":0,"35":0,"36":0,"37":1,"38":0,"39":0,"40":0,"41":0,"42":1,"43":1,"44":1,"45":0,"46":0,"47":0,"48":0,"49":0,"50":0,"51":1,"52":0,"53":0,"54":0,"55":0,"56":0,"57":0,"58":0,"59":0,"60":0,"61":0,"62":0,"63":0,"64":0,"65":0,"66":0,"67":0,"68":0,"69":0,"70":1,"71":0,"72":0,"73":0,"74":0,"75":0,"76":0,"77":0,"78":0,"79":0,"80":0,"81":0,"82":0,"83":0,"84":0,"85":0,"86":0,"87":0,"88":0,"89":0,"90":0,"91":0,"92":0,"93":0,"94":0,"95":1,"96":0,"97":0,"98":1,"99":0,"100":0,"101":1,"102":0,"103":0,"104":0,"105":0,"106":0,"107":0,"108":1,"109":1,"110":1,"111":1,"112":2,"113":2,"114":2,"115":2,"116":0,"117":1,"118":1,"119":1,"120":1,"121":1,"122":1,"123":3,"124":3,"125":1,"126":2,"127":2,"128":0,"129":2,"130":1,"131":1,"132":1,"133":1,"134":1,"135":0,"136":0,"137":1,"138":1,"139":0,"140":0,"141":0,"142":0,"143":1,"144":1,"145":0,"146":1},"b":{"1":[0,0],"2":[0,0],"3":[0,0],"4":[0,0],"5":[0,0],"6":[0,0],"7":[0,0],"8":[0,0],"9":[0,0],"10":[2,0],"11":[0,2],"12":[1,0],"13":[1,2],"14":[0,2],"15":[0,1,0,0]},"f":{"1":1,"2":0,"3":1,"4":0,"5":0,"6":0,"7":0,"8":1,"9":0,"10":0,"11":0,"12":0,"13":0,"14":0,"15":0,"16":0,"17":0,"18":1,"19":2,"20":1,"21":0,"22":3,"23":1,"24":0},"fnMap":{"1":{"name":"PrerenderRenderer","line":4,"loc":{"start":{"line":4,"column":0},"end":{"line":4,"column":35}}},"2":{"name":"(anonymous_2)","line":10,"loc":{"start":{"line":10,"column":31},"end":{"line":10,"column":42}}},"3":{"name":"(anonymous_3)","line":19,"loc":{"start":{"line":19,"column":42},"end":{"line":19,"column":53}}},"4":{"name":"(anonymous_4)","line":39,"loc":{"start":{"line":39,"column":41},"end":{"line":39,"column":52}}},"5":{"name":"(anonymous_5)","line":57,"loc":{"start":{"line":57,"column":44},"end":{"line":57,"column":55}}},"6":{"name":"(anonymous_6)","line":62,"loc":{"start":{"line":62,"column":49},"end":{"line":62,"column":60}}},"7":{"name":"(anonymous_7)","line":73,"loc":{"start":{"line":73,"column":44},"end":{"line":73,"column":65}}},"8":{"name":"(anonymous_8)","line":85,"loc":{"start":{"line":85,"column":47},"end":{"line":85,"column":66}}},"9":{"name":"(anonymous_9)","line":92,"loc":{"start":{"line":92,"column":46},"end":{"line":92,"column":57}}},"10":{"name":"(anonymous_10)","line":105,"loc":{"start":{"line":105,"column":41},"end":{"line":105,"column":55}}},"11":{"name":"(anonymous_11)","line":116,"loc":{"start":{"line":116,"column":53},"end":{"line":116,"column":64}}},"12":{"name":"(anonymous_12)","line":137,"loc":{"start":{"line":137,"column":42},"end":{"line":137,"column":57}}},"13":{"name":"(anonymous_13)","line":148,"loc":{"start":{"line":148,"column":53},"end":{"line":148,"column":64}}},"14":{"name":"(anonymous_14)","line":179,"loc":{"start":{"line":179,"column":42},"end":{"line":179,"column":56}}},"15":{"name":"(anonymous_15)","line":187,"loc":{"start":{"line":187,"column":50},"end":{"line":187,"column":61}}},"16":{"name":"(anonymous_16)","line":195,"loc":{"start":{"line":195,"column":46},"end":{"line":195,"column":57}}},"17":{"name":"(anonymous_17)","line":203,"loc":{"start":{"line":203,"column":57},"end":{"line":203,"column":68}}},"18":{"name":"(anonymous_18)","line":211,"loc":{"start":{"line":211,"column":42},"end":{"line":211,"column":53}}},"19":{"name":"(anonymous_19)","line":215,"loc":{"start":{"line":215,"column":30},"end":{"line":215,"column":47}}},"20":{"name":"(anonymous_20)","line":232,"loc":{"start":{"line":232,"column":42},"end":{"line":232,"column":79}}},"21":{"name":"(anonymous_21)","line":236,"loc":{"start":{"line":236,"column":25},"end":{"line":236,"column":36}}},"22":{"name":"(anonymous_22)","line":238,"loc":{"start":{"line":238,"column":13},"end":{"line":238,"column":24}}},"23":{"name":"(anonymous_23)","line":258,"loc":{"start":{"line":258,"column":41},"end":{"line":258,"column":52}}},"24":{"name":"(anonymous_24)","line":280,"loc":{"start":{"line":280,"column":41},"end":{"line":280,"column":54}}}},"statementMap":{"1":{"start":{"line":1,"column":0},"end":{"line":1,"column":42}},"2":{"start":{"line":2,"column":0},"end":{"line":2,"column":26}},"3":{"start":{"line":4,"column":0},"end":{"line":14,"column":1}},"4":{"start":{"line":5,"column":2},"end":{"line":5,"column":23}},"5":{"start":{"line":6,"column":2},"end":{"line":6,"column":95}},"6":{"start":{"line":7,"column":2},"end":{"line":7,"column":36}},"7":{"start":{"line":8,"column":2},"end":{"line":8,"column":34}},"8":{"start":{"line":10,"column":2},"end":{"line":13,"column":12}},"9":{"start":{"line":11,"column":4},"end":{"line":11,"column":88}},"10":{"start":{"line":12,"column":4},"end":{"line":12,"column":25}},"11":{"start":{"line":19,"column":0},"end":{"line":34,"column":2}},"12":{"start":{"line":20,"column":2},"end":{"line":20,"column":19}},"13":{"start":{"line":22,"column":2},"end":{"line":22,"column":81}},"14":{"start":{"line":23,"column":2},"end":{"line":23,"column":23}},"15":{"start":{"line":24,"column":2},"end":{"line":24,"column":36}},"16":{"start":{"line":25,"column":2},"end":{"line":25,"column":107}},"17":{"start":{"line":26,"column":2},"end":{"line":26,"column":19}},"18":{"start":{"line":28,"column":2},"end":{"line":33,"column":4}},"19":{"start":{"line":39,"column":0},"end":{"line":52,"column":2}},"20":{"start":{"line":40,"column":2},"end":{"line":40,"column":54}},"21":{"start":{"line":42,"column":2},"end":{"line":42,"column":37}},"22":{"start":{"line":43,"column":2},"end":{"line":43,"column":33}},"23":{"start":{"line":44,"column":2},"end":{"line":44,"column":30}},"24":{"start":{"line":45,"column":2},"end":{"line":45,"column":26}},"25":{"start":{"line":47,"column":2},"end":{"line":50,"column":3}},"26":{"start":{"line":48,"column":4},"end":{"line":48,"column":86}},"27":{"start":{"line":49,"column":4},"end":{"line":49,"column":30}},"28":{"start":{"line":51,"column":2},"end":{"line":51,"column":25}},"29":{"start":{"line":57,"column":0},"end":{"line":60,"column":2}},"30":{"start":{"line":58,"column":2},"end":{"line":58,"column":20}},"31":{"start":{"line":59,"column":2},"end":{"line":59,"column":21}},"32":{"start":{"line":62,"column":0},"end":{"line":68,"column":2}},"33":{"start":{"line":63,"column":2},"end":{"line":67,"column":3}},"34":{"start":{"line":64,"column":4},"end":{"line":64,"column":35}},"35":{"start":{"line":65,"column":4},"en
[...]
line":9,"loc":{"start":{"line":9,"column":30},"end":{"line":9,"column":48}}},"2":{"name":"(anonymous_2)","line":11,"loc":{"start":{"line":11,"column":35},"end":{"line":11,"column":55}}},"3":{"name":"(anonymous_3)","line":22,"loc":{"start":{"line":22,"column":16},"end":{"line":22,"column":47}}},"4":{"name":"(anonymous_4)","line":27,"loc":{"start":{"line":27,"column":42},"end":{"line":27,"column":64}}},"5":{"name":"(anonymous_5)","line":41,"loc":{"start":{"line":41,"column":14},"end":{"line":41,"column":45}}},"6":{"name":"(anonymous_6)","line":55,"loc":{"start":{"line":55,"column":71},"end":{"line":55,"column":86}}}},"statementMap":{"1":{"start":{"line":1,"column":0},"end":{"line":1,"column":49}},"2":{"start":{"line":3,"column":0},"end":{"line":3,"column":78}},"3":{"start":{"line":4,"column":0},"end":{"line":4,"column":56}},"4":{"start":{"line":5,"column":0},"end":{"line":5,"column":46}},"5":{"start":{"line":7,"column":0},"end":{"line":7,"column":15}},"6":{"start":{"line":9,"column":0},"end":{"line":19,"column":3}},"7":{"start":{"line":10,"column":2},"end":{"line":18,"column":2}},"8":{"start":{"line":11,"column":4},"end":{"line":17,"column":7}},"9":{"start":{"line":12,"column":6},"end":{"line":12,"column":24}},"10":{"start":{"line":21,"column":0},"end":{"line":61,"column":2}},"11":{"start":{"line":23,"column":4},"end":{"line":26,"column":5}},"12":{"start":{"line":25,"column":6},"end":{"line":25,"column":20}},"13":{"start":{"line":27,"column":4},"end":{"line":38,"column":7}},"14":{"start":{"line":28,"column":6},"end":{"line":36,"column":7}},"15":{"start":{"line":29,"column":8},"end":{"line":35,"column":9}},"16":{"start":{"line":30,"column":10},"end":{"line":30,"column":49}},"17":{"start":{"line":31,"column":10},"end":{"line":33,"column":11}},"18":{"start":{"line":32,"column":12},"end":{"line":32,"column":55}},"19":{"start":{"line":34,"column":10},"end":{"line":34,"column":34}},"20":{"start":{"line":37,"column":6},"end":{"line":37,"column":13}},"21":{"start":{"line":42,"column":4},"end":{"line":58,"column":5}},"22":{"start":{"line":43,"column":6},"end":{"line":48,"column":8}},"23":{"start":{"line":49,"column":6},"end":{"line":54,"column":7}},"24":{"start":{"line":50,"column":8},"end":{"line":50,"column":49}},"25":{"start":{"line":51,"column":8},"end":{"line":53,"column":9}},"26":{"start":{"line":52,"column":10},"end":{"line":52,"column":37}},"27":{"start":{"line":55,"column":6},"end":{"line":57,"column":9}},"28":{"start":{"line":59,"column":4},"end":{"line":59,"column":11}}},"branchMap":{"1":{"line":3,"type":"binary-expr","locations":[{"start":{"line":3,"column":15},"end":{"line":3,"column":36}},{"start":{"line":3,"column":40},"end":{"line":3,"column":77}}]},"2":{"line":4,"type":"binary-expr","locations":[{"start":{"line":4,"column":22},"end":{"line":4,"column":44}},{"start":{"line":4,"column":48},"end":{"line":4,"column":55}}]},"3":{"line":5,"type":"binary-expr","locations":[{"start":{"line":5,"column":15},"end":{"line":5,"column":36}},{"start":{"line":5,"column":40},"end":{"line":5,"column":45}}]},"4":{"line":10,"type":"if","locations":[{"start":{"line":10,"column":2},"end":{"line":10,"column":2}},{"start":{"line":10,"column":2},"end":{"line":10,"column":2}}]},"5":{"line":23,"type":"if","locations":[{"start":{"line":23,"column":4},"end":{"line":23,"column":4}},{"start":{"line":23,"column":4},"end":{"line":23,"column":4}}]},"6":{"line":23,"type":"binary-expr","locations":[{"start":{"line":23,"column":8},"end":{"line":23,"column":41}},{"start":{"line":23,"column":45},"end":{"line":23,"column":56}}]},"7":{"line":28,"type":"if","locations":[{"start":{"line":28,"column":6},"end":{"line":28,"column":6}},{"start":{"line":28,"column":6},"end":{"line":28,"column":6}}]},"8":{"line":28,"type":"binary-expr","locations":[{"start":{"line":28,"column":10},"end":{"line":28,"column":14}},{"start":{"line":28,"column":18},"end":{"line":28,"column":24}},{"start":{"line":28,"column":28},"end":{"line":28,"column":39}}]},"9":{"line":29,"type":"if","locations":[{"start":{"line":29,"column":8},"end":{"line":29,"column":8}},{"start":{"line":29,"column":8},"end":{"line":29,"column":8}}]},"10":{"line":30,"type":"binary-expr","locations":[{"start":{"line":30,"column":28},"end":{"line":30,"column":41}},{"start":{"line":30,"column":45},"end":{"line":30,"column":48}}]},"11":{"line":31,"type":"if","locations":[{"start":{"line":31,"column":10},"end":{"line":31,"column":10}},{"start":{"line":31,"column":10},"end":{"line":31,"column":10}}]},"12":{"line":31,"type":"binary-expr","locations":[{"start":{"line":31,"column":15},"end":{"line":31,"column":38}},{"start":{"line":31,"column":42},"end":{"line":31,"column":65}},{"start":{"line":31,"column":70},"end":{"line":31,"column":85}}]},"13":{"line":42,"type":"if","locations":[{"start":{"line":42,"column":4},"end":{"line":42,"column":4}},{"start":{"line":42,"column":4},"end":{"line":42,"column":4}}]},"14":{"line":49,"type":"if","locations":[{"start":{"line":49,"column":6},"end":{"line":49,"column":6}},{"start":{"line":49,"column":6},"end":{"line":49,"column":6}}]},"15":{"line":49,"type":"binary-expr","locations":[{"start":{"line":49,"column":10},"end":{"line":49,"column":33}},{"start":{"line":49,"column":37},"end":{"line":49,"column":60}}]},"16":{"line":51,"type":"if","locations":[{"start":{"line":51,"column":8},"end":{"line":51,"column":8}},{"start":{"line":51,"column":8},"end":{"line":51,"column":8}}]}},"code":["var MongoClient = require('mongodb').MongoClient;","","var mongoURI = process.env.MONGO_URI || 'mongodb://localhost/ember-prerender';","var mongoCollection = process.env.MONGO_COLL || 'pages';","var cacheTTL = process.env.CACHE_TTL || 14400;","","var collection;","","MongoClient.connect(mongoURI, function(err, db) {","  if (db) {","    db.collection(mongoCollection, function(err, coll) {","      collection = coll;","","      // Currently keeping records in mongo indefinitely and checking the date delta in beforeRender,","      // an alternative option is to have Mongo expire the record automatically","      //collection.ensureIndex({ createdOn: 1 }, { expireAfterSeconds: cacheTTL });","    });"," }","});","","module.exports = {","  beforeRender: function(req, res, page, next) {","    if (req.headers['x-cache-invalidate'] || !collection) {","      // Skip cache for POST/PUT requests or if no DB collection is available","      return next();","    }","    collection.findOne({ url: page.url }, function(err, result) {","      if (!err && result && result.html) {","        if (((new Date() - result.ts) / 1000) <= cacheTTL) {","          page.statusCode = result.status || 200;","          if ((page.statusCode === 301 || page.statusCode === 302) && result.location) {","            res.setHeader('Location', result.location);","          }","          page.html = result.html;","        }","      }","      next();","    });","  },","","  beforeSend: function(req, res, page, next) {","    if (page.statusCode < 400) {","      var object = {","        url: page.url,","        status: page.statusCode,","        html: page.html,","        ts: new Date()","      };","      if (page.statusCode === 301 || page.statusCode === 302) {","        var location = res.getHeader('Location');","        if (location) {","          object.location = location;","        }","      }","      collection.update({ url: object.url }, object, { upsert: true }, function (err) {","        // Ignored","      });","    }","    next();","  }","};",""],"l":{"1":1,"3":1,"4":1,"5":1,"7":1,"9":1,"10":1,"11":0,"12":0,"21":1,"23":0,"25":0,"27":0,"28":0,"29":0,"30":0,"31":0,"32":0,"34":0,"37":0,"42":0,"43":0,"49":0,"50":0,"51":0,"52":0,"55":0,"59":0}},"/home/travis/build/npmtest/node-npmtest-ember-prerender/node_modules/ember-prerender/lib/plugins/prepareEmail.js":{"path":"/home/travis/build/npmtest/node-npmtest-ember-prerender/node_modules/ember-prerender/lib/plugins/prepareEmail.js","s":{"1":1,"2":0,"3":0,"4":0,"5":0,"6":0,"7":0,"8":0,"9":0,"10":0,"11":0},"b":{"1":[0,0],"2":[0,0],"3":[0,0,0,0]},"f":{"1":0},"fnMap":{"1":{"name":"(anonymous_1)","line":2,"loc":{"start":{"line":2,"column":14},"end":{"line":2,"column":45}}}},"statementMap":{"1":{"start":{"line":1,"column":0},"end":{"line":29,"column":2}},"2":{"start":{"line":3,"column":4},"end":{"line":25,"column":5}},"3":{"start":{"line":4,"column":6},"end":{"line":4,"column":46}},"4":{"start":{"line":5,"column":6},"end":{"line":5,"column":47}},"5":{"start":{"line":7,"column":6},"end":{"line":7,"column":66}},"6":{"start":{"line":8,"column":6},"end":{"line":8,"column":41}},"7":{"start":{"line":9,"column":6},"end":{"line":24,"column":7}},"8":{"start":{"line":10,"column":8},"end":{"line":20,"column":20}},"9":{"start":{"line":22,"column":8},"end":{"line":22,"column":30}},"10":{"start":{"line":23,"column":8},"end":{"line":23,"column":48}},"11":{"start":{"line":27,"column":4},"end":{"line":27,"column":11}}},"branchMap":{"1":{"line":3,"type":"if","locations":[{"start":{"line":3,"column":4},"end":{"line":3,"column":4}},{"start":{"line":3,"column":4},"end":{"line":3,"column":4}}]},"2":{"line":9,"type":"if","locations":[{"start":{"line":9,"column":6},"end":{"line":9,"column":6}},{"start":{"line":9,"column":6},"end":{"line":9,"column":6}}]},"3":{"line":9,"type":"binary-expr","locations":[{"start":{"line":9,"column":10},"end":{"line":9,"column":17}},{"start":{"line":9,"column":21},"end":{"line":9,"column":39}},{"start":{"line":9,"column":43},"end":{"line":9,"column":47}},{"start":{"line":9,"column":51},"end":{"line":9,"column":66}}]}},"code":["module.exports = {","  beforeSend: function(req, res, page, next) {","    if (page.url.indexOf('/email/') === 0) {","      var subjectRe = /<title>(.*?)<\\/title>/;","      var subject = page.html.match(subjectRe);","","      var bodyRe = /<section id=\"email-message\">(.*?)<\\/section>/;","      var body = page.html.match(bodyRe);","      if (subject && subject.length > 1 && body && body.length > 1) {","        page.html = \"<!doctype html>\\n\" +","          \"<html lang=\\\"en\\\">\\n\" +","          \"<head>\\n\" +","          \"  <meta charset=\\\"utf-8\\\">\\n\" +","          \"  <title>\" + subject[1] + \"</title>\\n\" +","          \"  <meta name=\\\"robots\\\" content=\\\"noindex,nofollow\\\">\\n\" +","          \"</head>\\n\" +","          \"<body>\\n\" +","            body[1] + \"\\n\" +","          \"</body>\\n\" +","          \"</html>\";","      } else {","        page.statusCode = 500;","        page.html = \"500 Internal Server Error\";","      }","    }","","    next();","  }","};",""],"l":{"1":1,"3":0,"4":0,"5":0,"7":0,"8":0,"9":0,"10":0,"22":0,"23":0,"27":0}},"/home/travis/build/npmtest/node-npmtest-ember-prerender/node_modules/ember-prerender/lib/plugins/prettyPrintHtml.js":{"path":"/home/travis/build/npmtest/node-npmtest-ember-prerender/node_modules/ember-prerender/lib/plugins/prettyPrintHtml.js","s":{"1":1,"2":1,"3":0,"4":0,"5":0,"6":0},"b":{"1":[0,0]},"f":{"1":0},"fnMap":{"1":{"name":"(anonymous_1)","line":4,"loc":{"start":{"line":4,"column":14},"end":{"line":4,"column":45}}}},"statementMap":{"1":{"start":{"line":1,"column":0},"end":{"line":1,"column":31}},"2":{"start":{"line":3,"column":0},"end":{"line":11,"column":2}},"3":{"start":{"line":5,"column":4},"end":{"line":7,"column":5}},"4":{"start":{"line":6,"column":6},"end":{"line":6,"column":20}},"5":{"start":{"line":8,"column":4},"end":{"line":8,"column":34}},"6":{"start":{"line":9,"column":4},"end":{"line":9,"column":11}}},"branchMap":{"1":{"line":5,"type":"if","locations":[{"start":{"line":5,"column":4},"end":{"line":5,"column":4}},{"start":{"line":5,"column":4},"end":{"line":5,"column":4}}]}},"code":["var pretty = require('pretty');","","module.exports = {","  beforeSend: function(req, res, page, next) {","    if (!page.html) {","      return next();","    }","    page.html = pretty(page.html);","    next();","  }","};",""],"l":{"1":1,"3":1,"5":0,"6":0,"8":0,"9":0}},"/home/travis/build/npmtest/node-npmtest-ember-prerender/node_modules/ember-prerender/lib/plugins/s3HtmlCache.js":{"path":"/home/travis/build/npmtest/node-npmtest-ember-prerender/node_modules/ember-prerender/lib/plugins/s3HtmlCache.js","s":{"1":1,"2":1,"3":1,"4":1,"5":0,"6":0,"7":0,"8":0,"9":0,"10":0,"11":0,"12":0,"13":1,"14":0,"15":0,"16":0,"17":0,"18":0,"19":0,"20":0,"21":0,"22":0,"23":0},"b":{"1":[1,1],"2":[0,0],"3":[0,0],"4":[0,0],"5":[0,0],"6":[0,0],"7":[0,0]},"f":{"1":0,"2":0,"3":0,"4":0,"5":0,"6":0},"fnMap":{"1":{"name":"(anonymous_1)","line":7,"loc":{"start":{"line":7,"column":7},"end":{"line":7,"column":31}}},"2":{"name":"(anonymous_2)","line":16,"loc":{"start":{"line":16,"column":7},"end":{"line":16,"column":38}}},"3":{"name":"(anonymous_3)","line":35,"loc":{"start":{"line":35,"column":8},"end":{"line":35,"column":19}}},"4":{"name":"(anonymous_4)","line":42,"loc":{"start":{"line":42,"column":16},"end":{"line":42,"column":47}}},"5":{"name":"(anonymous_5)","line":47,"loc":{"start":{"line":47,"column":29},"end":{"line":47,"column":51}}},"6":{"name":"(anonymous_6)","line":56,"loc":{"start":{"line":56,"column":14},"end":{"line":56,"column":45}}}},"statementMap":{"1":{"start":{"line":1,"column":0},"end":{"line":1,"column":45}},"2":{"start":{"line":2,"column":0},"end":{"line":2,"column":84}},"3":{"start":{"line":4,"column":0},"end":{"line":4,"column":46}},"4":{"start":{"line":6,"column":0},"end":{"line":32,"column":2}},"5":{"start":{"line":8,"column":4},"end":{"line":10,"column":5}},"6":{"start":{"line":9,"column":6},"end":{"line":9,"column":50}},"7":{"start":{"line":12,"column":4},"end":{"line":14,"column":17}},"8":{"start":{"line":17,"column":4},"end":{"line":19,"column":5}},"9":{"start":{"line":18,"column":6},"end":{"line":18,"column":50}},"10":{"start":{"line":21,"column":4},"end":{"line":26,"column":17}},"11":{"start":{"line":28,"column":4},"end":{"line":30,"column":5}},"12":{"start":{"line":29,"column":6},"end":{"line":29,"column":21}},"13":{"start":{"line":34,"column":0},"end":{"line":60,"column":2}},"14":{"start":{"line":36,"column":4},"end":{"line":39,"column":7}},"15":{"start":{"line":43,"column":4},"end":{"line":46,"column":5}},"16":{"start":{"line":45,"column":6},"end":{"line":45,"column":20}},"17":{"start":{"line":47,"column":4},"end":{"line":53,"column":7}},"18":{"start":{"line":48,"column":6},"end":{"line":51,"column":7}},"19":{"start":{"line":49,"column":8},"end":{"line":49,"column":30}},"20":{"start":{"line":50,"column":8},"end":{"line":50,"column":32}},"21":{"start":{"line":52,"column":6},"end":{"line":52,"column":13}},"22":{"start":{"line":57,"column":4},"end":{"line":57,"column":40}},"23":{"start":{"line":58,"column":4},"end":{"line":58,"column":11}}},"branchMap":{"1":{"line":4,"type":"binary-expr","locations":[{"start":{"line":4,"column":15},"end":{"line":4,"column":36}},{"start":{"line":4,"column":40},"end":{"line":4,"column":45}}]},"2":{"line":8,"type":"if","locations":[{"start":{"line":8,"column":4},"end":{"line":8,"column":4}},{"start":{"line":8,"column":4},"end":{"line":8,"column":4}}]},"3":{"line":17,"type":"if","locations":[{"start":{"line":17,"column":4},"end":{"line":17,"column":4}},{"start":{"line":17,"column":4},"end":{"line":17,"column":4}}]},"4":{"line":28,"type":"if","locations":[{"start":{"line":28,"column":4},"end":{"line":28,"column":4}},{"start":{"line":28,"column":4},"end":{"line":28,"column":4}}]},"5":{"line":43,"type":"if","locations":[{"start":{"line":43,"column":4},"end":{"line":43,"column":4}},{"start":{"line":43,"column":4},"end":{"line":43,"column":4}}]},"6":{"line":48,"type":"if","locations":[{"start":{"line":48,"column":6},"end":{"line":48,"column":6}},{"start":{"line":48,"column":6},"end":{"line":48,"column":6}}]},"7":{"line":48,"type":"binary-expr","locations":[{"start":{"line":48,"column":10},"end":{"line":48,"column":14}},{"start":{"line":48,"column":18},"end":{"line":48,"column":24}}]}},"code":["var cache_manager = require('cache-manager');","var s3 = new (require('aws-sdk')).S3({params:{Bucket: process.env.S3_BUCKET_NAME}});","","var cacheTTL = process.env.CACHE_TTL || 14400;","","var s3_cache = {","  get: function(key, callback) {","    if (process.env.S3_PREFIX_KEY) {","      key = process.env.S3_PREFIX_KEY + '/' + key;","    }","","    s3.getObject({","      Key: key","    }, callback);","  },","  set: function(key, value, callback) {","    if (process.env.S3_PREFIX_KEY) {","      key = process.env.S3_PREFIX_KEY + '/' + key;","    }","","    var request = s3.putObject({","      Key: key,","      ContentType: 'text/html;charset=UTF-8',","      StorageClass: 'REDUCED_REDUNDANCY',","      Body: value","    }, callback);","","    if (!callback) {","      request.send();","    }","  }","};","","module.exports = {","  init: function() {","    this.cache = cache_manager.caching({","      store: s3_cache,","      ttl: cacheTTL","    });","  },","","  beforeRender: function(req, res, page, next) {","    if (req.headers['x-cache-invalidate']) {","      // Skip cache","      return next();","    }","    this.cache.get(page.url, function(err, result) {","      if (!err && result) {","        page.statusCode = 200;","        page.html = result.Body;","      }","      next();","    });","  },","","  beforeSend: function(req, res, page, next) {","    this.cache.set(page.url, page.html);","    next();","  }","};",""],"l":{"1":1,"2":1,"4":1,"6":1,"8":0,"9":0,"12":0,"17":0,"18":0,"21":0,"28":0,"29":0,"34":1,"36":0,"43":0,"45":0,"47":0,"48":0,"49":0,"50":0,"52":0,"57":0,"58":0}},"/home/travis/build/npmtest/node-npmtest-ember-prerender/node_modules/ember-prerender/lib/plugins/transparent.js":{"path":"/home/travis/build/npmtest/node-npmtest-ember-prerender/node_modules/ember-prerender/lib/plugins/transparent.js","s":{"1":1,"2":1,"3":0,"4":0,"5":0,"6":0,"7":0,"8":0,"9":0},"b":{"1":[0,0],"2":[0,0,0],"3":[0,0],"4":[0,0]},"f":{"1":0,"2":0},"fnMap":{"1":{"name":"(anonymous_1)","line":4,"loc":{"start":{"line":4,"column":14},"end":{"line":4,"column":45}}},"2":{"name":"(anonymous_2)","line":9,"loc":{"start":{"line":9,"column":35},"end":{"line":9,"column":67}}}},"statementMap":{"1":{"start":{"line":1,"column":0},"end":{"line":1,"column":33}},"2":{"start":{"line":3,"column":0},"end":{"line":19,"column":2}},"3":{"start":{"line":5,"column":4},"end":{"line":17,"column":5}},"4":{"start":{"line":8,"column":6},"end":{"line":8,"column":36}},"5":{"start":{"line":9,"column":6},"end":{"line":14,"column":8}},"6":{"start":{"line":10,"column":8},"end":{"line":12,"column":9}},"7":{"start":{"line":11,"column":10},"end":{"line":11,"column":27}},"8":{"start":{"line":13,"column":8},"end":{"line":13,"column":15}},"9":{"start":{"line":16,"column":6},"end":{"line":16,"column":13}}},"branchMap":{"1":{"line":5,"type":"if","locations":[{"start":{"line":5,"column":4},"end":{"line":5,"column":4}},{"start":{"line":5,"column":4},"end":{"line":5,"column":4}}]},"2":{"line":5,"type":"binary-expr","locations":[{"start":{"line":5,"column":8},"end":{"line":5,"column":51}},{"start":{"line":6,"column":8},"end":{"line":6,"column":43}},{"start":{"line":7,"column":8},"end":{"line":7,"column":31}}]},"3":{"line":10,"type":"if","locations":[{"start":{"line":10,"column":8},"end":{"line":10,"column":8}},{"start":{"line":10,"column":8},"end":{"line":10,"column":8}}]},"4":{"line":10,"type":"binary-expr","locations":[{"start":{"line":10,"column":12},"end":{"line":10,"column":18}},{"start":{"line":10,"column":22},"end":{"line":10,"column":49}}]}},"code":["var request = require('request');","","module.exports = {","  beforeSend: function(req, res, page, next) {","    if (page.url.indexOf('_escaped_fragment_=') < 0 &&","        page.url.indexOf('prerender=1') < 0 &&","        page.statusCode === 200) {","      var domain = req.headers.host;","      request('https://' + domain, function(error, response, body) {","        if (!error && response.statusCode === 200) {","          page.html = body;","        }","        next();","      })","    } else {","      next();","    }","  }","};",""],"l":{"1":1,"3":1,"5":0,"8":0,"9":0,"10":0,"11":0,"13":0,"16":0}}}